** Препроцессор программы ввода данных шага РАСЧЕТ **
** 11111 **
** 22222 **
** execpre 1 **
** execpre 2 **
** execpre 3 **
** execpre 2 **
** execpre 3 **
** execpre 2 **
** execpre 3 **
** execpre 2 **
** execpre 3 **
** execpre 2 **
** execpre 3 **
** execpre 2 **
** execpre 3 **
** execpre 2 **
** execpre 3 **
** execpre 2 **
** execpre 3 **
** execpre 2 **
** execpre 3 **
** execpre 2 **
** execpre 3 **
** execpre 2 **
** execpre 3 **
** execpre 2 **
** execpre 3 **
** execpre 2 **
** execpre 3 **
** execpre 2 **
** execpre 3 **
** execpre 2 **
** execpre 3 **
** execpre 2 **
** execpre 3 **
** execpre 2 **
** execpre 3 **
** execpre 2 **
** execpre 3 **
** execpre 2 **
** execpre 3 **
** execpre 2 **
** execpre 3 **
** execpre 2 **
** execpre 3 **
** execpre 2 **
** execpre 3 **
** execpre 2 **
** execpre 3 **
** execpre 2 **
** execpre 3 **
** execpre 2 **
** execpre 4 **
** summf **
** summf end  **
Замена констант выполнена успешно
