LIN1 STPR 'Новая задача'                                                        
LIN2 'newmodel'                                                                 
BL31 NPDS    MASSA     JX      JY     JZ                                        
@ 'body'                                                                        
         1     5.625      .200      .200      .200
 # старые инерционные параметры в подсистеме
   1     5.625      .093      .034      .093
@ 'larm1'                                                                       
         2     1.425      .200      .200      .200
 # старые инерционные параметры в подсистеме
   2     1.000     1.000     1.000     1.000
@ 'larm2'                                                                       
         3     1.425      .200      .200      .200
 # старые инерционные параметры в подсистеме
   3     1.140      .009      .009      .001
@ 'body1'                                                                       
         7    10.875      .200      .200      .200
 # старые инерционные параметры в подсистеме
   7    10.875      .067      .105      .067
@ 'lleg1'                                                                       
         8     3.000      .200      .200      .200
 # старые инерционные параметры в подсистеме
   8     3.000      .008      .008      .006
@ 'lleg2'                                                                       
         9     4.500      .200      .200      .200
 # старые инерционные параметры в подсистеме
   9     5.000      .098      .098      .013
@ 'lleg3'                                                                       
        10     4.500      .200      .200      .200
 # старые инерционные параметры в подсистеме
  10     5.000      .098      .098      .013
@ 'lleg4'                                                                       
        11     3.000      .200      .200      .200
 # старые инерционные параметры в подсистеме
  11     3.000      .017      .047      .047
@ 'lkr1'                                                                        
        12      .500      .200      .200      .200
 # старые инерционные параметры в подсистеме
  12     1.000     1.000     1.000     1.000
@ 'lkr2'                                                                        
        13      .500      .200      .200      .200
 # старые инерционные параметры в подсистеме
  13     1.000     1.000     1.000     1.000
@ 'pleg1'                                                                       
        14     3.000      .200      .200      .200
 # старые инерционные параметры в подсистеме
  14     1.000      .008      .008      .006
@ 'pkr1'                                                                        
        15      .500      .200      .200      .200
 # старые инерционные параметры в подсистеме
  15      .500      .001      .001      .001
@ 'pleg2'                                                                       
        16     4.500      .200      .200      .200
 # старые инерционные параметры в подсистеме
  16     4.500      .088      .088      .011
@ 'pleg3'                                                                       
        17     4.500      .200      .200      .200
 # старые инерционные параметры в подсистеме
  17     4.500      .088      .088      .011
@ 'pkr2'                                                                        
        18      .500      .200      .200      .200
 # старые инерционные параметры в подсистеме
  18     1.000     1.000     1.000     1.000
@ 'pleg4'                                                                       
        19     3.000      .200      .200      .200
 # старые инерционные параметры в подсистеме
  19     3.000      .017      .047      .047
@ 'parm1'                                                                       
        20     1.425      .200      .200      .200
 # старые инерционные параметры в подсистеме
  20     1.425      .004      .002      .004
@ 'parm2'                                                                       
        21     1.425      .200      .200      .200
 # старые инерционные параметры в подсистеме
  21     1.425      .009      .009      .001
@ 'neck'                                                                        
        25      .400      .200      .200      .200
 # старые инерционные параметры в подсистеме
  25      .700      .003      .003      .000
@ 'neck1'                                                                       
        26      .400      .200      .200      .200
 # старые инерционные параметры в подсистеме
  26      .400      .002      .002      .000
@ 'kr3'                                                                         
        27      .500      .200      .200      .200
 # старые инерционные параметры в подсистеме
  27     1.000     1.000     1.000     1.000
@ 'head'                                                                        
        28     3.000      .200      .200      .200
 # старые инерционные параметры в подсистеме
  28     3.000      .030      .030      .030
@ 'земля'                                                                       
        29     1.000     1.000     1.000     1.000
 # старые инерционные параметры в подсистеме
  29     1.000     1.000     1.000     1.000
 # для подсистемы  29 все инерц. парам. отвергнуты
@ 'тело программатор'                                                           
        30     1.000     1.000     1.000     1.000
 # старые инерционные параметры в подсистеме
  30     1.000     1.000     1.000     1.000
@ 'левая вспомогательная нога'                                                  
        31     1.000     1.000     1.000     1.000
 # старые инерционные параметры в подсистеме
  31     1.000     1.000     1.000     1.000
@ 'правая вспомогательная нога'                                                 
        32     1.000     1.000     1.000     1.000
 # старые инерционные параметры в подсистеме
  32     1.000     1.000     1.000     1.000
@ 'маркер точки равнодействующей'                                               
        33     1.000     1.000     1.000     1.000
 # старые инерционные параметры в подсистеме
  33     1.000     1.000     1.000     1.000
@ 'задатчик перемещения корпуса'                                                
        34      .125      .200      .200      .200
 # старые инерционные параметры в подсистеме
  34      .125      .010      .010      .010
@   'земля'                                                                     
        35     1.000     1.000     1.000     1.000
 # старые инерционные параметры в подсистеме
  35      .125      .010      .010      .010
 # для подсистемы  35 все инерц. парам. отвергнуты
@   'земля'                                                                     
        36     1.000     1.000     1.000     1.000
 # старые инерционные параметры в подсистеме
  36      .125      .010      .010      .010
 # для подсистемы  36 все инерц. парам. отвергнуты
@   'земля'                                                                     
        37     1.000     1.000     1.000     1.000
 # старые инерционные параметры в подсистеме
  37      .125      .010      .010      .010
 # для подсистемы  37 все инерц. парам. отвергнуты
@   'земля'                                                                     
        38     1.000     1.000     1.000     1.000
 # старые инерционные параметры в подсистеме
  38      .125      .010      .010      .010
 # для подсистемы  38 все инерц. парам. отвергнуты
@   'земля'                                                                     
        39     1.000     1.000     1.000     1.000
 # старые инерционные параметры в подсистеме
  39      .125      .010      .010      .010
 # для подсистемы  39 все инерц. парам. отвергнуты
@   'земля'                                                                     
        40     1.000     1.000     1.000     1.000
 # старые инерционные параметры в подсистеме
  40      .125      .010      .010      .010
 # для подсистемы  40 все инерц. парам. отвергнуты
@   'земля'                                                                     
        41     1.000     1.000     1.000     1.000
 # старые инерционные параметры в подсистеме
  41      .125      .010      .010      .010
 # для подсистемы  41 все инерц. парам. отвергнуты
@   'земля'                                                                     
        42     1.000     1.000     1.000     1.000
 # старые инерционные параметры в подсистеме
  42      .125      .010      .010      .010
 # для подсистемы  42 все инерц. парам. отвергнуты
@   'земля'                                                                     
        43     1.000     1.000     1.000     1.000
 # старые инерционные параметры в подсистеме
  43      .125      .010      .010      .010
 # для подсистемы  43 все инерц. парам. отвергнуты
 # ***** BL32 полностью взят из библиотеки
 BL32   NPDS   NUZL     XKOOR     YKOOR     ZKOOR
           1      2      .000      .000      .000
           1      1     -.009      .000     -.242
           1      3     -.009      .000     -.158
           1      4     -.021     -.117      .000
           1      5     -.021      .117      .000
           1      6     -.006      .034      .000
           1      7     -.006     -.034      .000
           1      8     -.053      .000      .000
 # для узла      8 все геометр. парам. отвергнуты
           1      9     -.053      .029      .000
           1     10     -.053     -.029      .000
           1     11     -.041      .227     -.200
 # для узла     11 все геометр. парам. отвергнуты
           1     12     -.041     -.227     -.200
 # для узла     12 все геометр. парам. отвергнуты
           1     13     -.049      .000     -.158
           2      1      .000      .000      .000
 # для узла      1 все геометр. парам. отвергнуты
           2      2      .000      .162      .000
           2      3      .000      .078      .000
           2      4      .042      .000      .000
           2      5     -.042      .000      .000
           3      1      .000      .000      .000
 # для узла      1 все геометр. парам. отвергнуты
           3      2      .000      .000      .144
 # для узла      2 все геометр. парам. отвергнуты
           3      3      .042      .000      .144
           3      4     -.042      .000      .144
           3      5      .000      .000      .084
 # для узла      5 все геометр. парам. отвергнуты
           3      6      .000      .000     -.056
 # для узла      6 все геометр. парам. отвергнуты
           3      7      .000      .000     -.100
 # для узла      7 все геометр. парам. отвергнуты
           3      8      .000      .035     -.100
 # для узла      8 все геометр. парам. отвергнуты
           3      9     -.013      .032     -.100
 # для узла      9 все геометр. парам. отвергнуты
           3     10     -.025      .025     -.100
 # для узла     10 все геометр. парам. отвергнуты
           3     11     -.032      .013     -.100
 # для узла     11 все геометр. парам. отвергнуты
           3     12     -.035      .000     -.100
 # для узла     12 все геометр. парам. отвергнуты
           3     13     -.032     -.013     -.100
 # для узла     13 все геометр. парам. отвергнуты
           3     14     -.025     -.025     -.100
 # для узла     14 все геометр. парам. отвергнуты
           3     15     -.013     -.032     -.100
 # для узла     15 все геометр. парам. отвергнуты
           3     16      .000     -.035     -.100
 # для узла     16 все геометр. парам. отвергнуты
           3     17      .013     -.032     -.100
 # для узла     17 все геометр. парам. отвергнуты
           3     18      .025     -.025     -.100
 # для узла     18 все геометр. парам. отвергнуты
           3     19      .032     -.013     -.100
 # для узла     19 все геометр. парам. отвергнуты
           3     20      .035      .000     -.100
 # для узла     20 все геометр. парам. отвергнуты
           3     21      .032      .013     -.100
 # для узла     21 все геометр. парам. отвергнуты
           3     22      .025      .025     -.100
 # для узла     22 все геометр. парам. отвергнуты
           3     23      .013      .032     -.100
 # для узла     23 все геометр. парам. отвергнуты
           7      3      .000      .000      .000
 # для узла      3 все геометр. парам. отвергнуты
           7      1      .000      .000      .026
           7      2      .000      .000      .110
           7      4      .000      .088      .000
 # для узла      4 все геометр. парам. отвергнуты
           7      5      .000     -.088      .000
 # для узла      5 все геометр. парам. отвергнуты
           7      6     -.026      .088      .000
 # для узла      6 все геометр. парам. отвергнуты
           7      7     -.026     -.088      .000
 # для узла      7 все геометр. парам. отвергнуты
           7      8     -.026      .088     -.110
           7      9     -.026     -.088     -.110
           7     10     -.026     -.088     -.026
           7     11     -.026      .088     -.026
           7     12      .000      .000     -.245
 # для узла     12 все геометр. парам. отвергнуты
           7     13     -.040      .000      .110
           7     14      .000      .000     -.144
           7     15      .000      .000     -.194
           7     16     -.050      .000     -.194
           8      8      .000      .000      .000
 # для узла      8 все геометр. парам. отвергнуты
           8      1      .000      .000     -.042
 # для узла      1 все геометр. парам. отвергнуты
           8      2      .000      .000      .042
           8      3      .000      .000      .126
           8      4      .000      .042     -.042
 # для узла      4 все геометр. парам. отвергнуты
           8      5      .000     -.042     -.042
 # для узла      5 все геометр. парам. отвергнуты
           8      6      .042      .000     -.042
           8      7     -.042      .000     -.042
           8      9      .000      .000      .116
           9      7      .000      .000      .000
 # для узла      7 все геометр. парам. отвергнуты
           9      1      .000      .000     -.140
 # для узла      1 все геометр. парам. отвергнуты
           9      2      .000      .042     -.140
           9      3      .000      .000      .140
 # для узла      3 все геометр. парам. отвергнуты
           9      4      .000     -.042     -.140
           9      5      .000      .042      .140
           9      6      .000     -.042      .140
           9      8      .000      .000      .098
 # для узла      8 все геометр. парам. отвергнуты
           9      9      .000      .000      .060
           9     10      .000      .000      .298
          10      7      .000      .000      .000
 # для узла      7 все геометр. парам. отвергнуты
          10      1      .000      .000      .140
 # для узла      1 все геометр. парам. отвергнуты
          10      2      .000      .042      .140
          10      3      .000      .000     -.140
 # для узла      3 все геометр. парам. отвергнуты
          10      4      .000     -.042      .140
          10      5      .000      .042     -.140
          10      6      .000     -.042     -.140
          10      8      .000      .000     -.098
 # для узла      8 все геометр. парам. отвергнуты
          10      9      .000      .000      .018
          10     10      .000      .000      .340
          11      1      .000      .000      .000
          11      2      .050      .000      .000
 # для узла      2 все геометр. парам. отвергнуты
          11      3     -.050      .000      .000
 # для узла      3 все геометр. парам. отвергнуты
          11      4     -.150      .075      .000
 # для узла      4 все геометр. парам. отвергнуты
          11      5      .100      .075      .000
 # для узла      5 все геометр. парам. отвергнуты
          11      6      .100     -.075      .000
          11      7     -.150     -.075      .000
 # для узла      7 все геометр. парам. отвергнуты
          11      8      .000      .000      .105
 # для узла      8 все геометр. парам. отвергнуты
          11      9      .000      .000      .064
 # для узла      9 все геометр. парам. отвергнуты
          11     10     -.042      .000      .105
          11     11      .042      .000      .105
          11     12     -.040      .000      .382
 # для узла     12 все геометр. парам. отвергнуты
          11     13      .000      .000      .030
          11     14     -.150      .000      .000
 # для узла     14 все геометр. парам. отвергнуты
          11     15      .100      .000      .000
 # для узла     15 все геометр. парам. отвергнуты
          11     16      .000      .000      .264
          12      1      .000      .000      .000
 # для узла      1 все геометр. парам. отвергнуты
          12      2      .042      .000      .000
          12      3     -.042      .000      .000
          12      4      .000      .042      .000
          12      5      .000     -.042      .000
          13      1      .000      .000      .000
 # для узла      1 все геометр. парам. отвергнуты
          13      2      .042      .000      .000
          13      3     -.042      .000      .000
          13      4      .000      .042      .000
          13      5      .000     -.042      .000
          14      8      .000      .000      .000
 # для узла      8 все геометр. парам. отвергнуты
          14      1      .000      .000     -.042
 # для узла      1 все геометр. парам. отвергнуты
          14      2      .000      .000      .042
          14      3      .000      .000      .126
          14      4      .000      .042     -.042
 # для узла      4 все геометр. парам. отвергнуты
          14      5      .000     -.042     -.042
 # для узла      5 все геометр. парам. отвергнуты
          14      6      .042      .000     -.042
          14      7     -.042      .000     -.042
          14      9      .000      .000      .116
          15      1      .000      .000      .000
 # для узла      1 все геометр. парам. отвергнуты
          15      2      .042      .000      .000
          15      3     -.042      .000      .000
          15      4      .000      .042      .000
          15      5      .000     -.042      .000
          16      7      .000      .000      .000
 # для узла      7 все геометр. парам. отвергнуты
          16      1      .000      .000     -.140
 # для узла      1 все геометр. парам. отвергнуты
          16      2      .000      .042     -.140
          16      3      .000      .000      .140
 # для узла      3 все геометр. парам. отвергнуты
          16      4      .000     -.042     -.140
          16      5      .000      .042      .140
          16      6      .000     -.042      .140
          16      8      .000      .000      .098
 # для узла      8 все геометр. парам. отвергнуты
          16      9      .000      .000      .060
          16     10      .000      .000      .298
          17      7      .000      .000      .000
 # для узла      7 все геометр. парам. отвергнуты
          17      1      .000      .000      .140
 # для узла      1 все геометр. парам. отвергнуты
          17      2      .000      .042      .140
          17      3      .000      .000     -.140
 # для узла      3 все геометр. парам. отвергнуты
          17      4      .000     -.042      .140
          17      5      .000      .042     -.140
          17      6      .000     -.042     -.140
          17      8      .000      .000     -.098
 # для узла      8 все геометр. парам. отвергнуты
          17      9      .000      .000      .018
          17     10      .000      .000      .340
          18      1      .000      .000      .000
 # для узла      1 все геометр. парам. отвергнуты
          18      2      .042      .000      .000
          18      3     -.042      .000      .000
          18      4      .000      .042      .000
          18      5      .000     -.042      .000
          19      1      .000      .000      .000
          19      2      .050      .000      .000
 # для узла      2 все геометр. парам. отвергнуты
          19      3     -.050      .000      .000
 # для узла      3 все геометр. парам. отвергнуты
          19      4     -.150      .075      .000
 # для узла      4 все геометр. парам. отвергнуты
          19      5      .100      .075      .000
          19      6      .100     -.075      .000
 # для узла      6 все геометр. парам. отвергнуты
          19      7     -.150     -.075      .000
 # для узла      7 все геометр. парам. отвергнуты
          19      8      .000      .000      .105
 # для узла      8 все геометр. парам. отвергнуты
          19      9      .000      .000      .064
 # для узла      9 все геометр. парам. отвергнуты
          19     10     -.042      .000      .105
          19     11      .042      .000      .105
          19     12     -.040      .000      .382
 # для узла     12 все геометр. парам. отвергнуты
          19     13      .000      .000      .030
          19     14     -.150      .000      .000
 # для узла     14 все геометр. парам. отвергнуты
          19     15      .100      .000      .000
 # для узла     15 все геометр. парам. отвергнуты
          19     16      .000      .000      .264
          20      1      .000      .000      .000
 # для узла      1 все геометр. парам. отвергнуты
          20      2      .000     -.162      .000
          20      3      .000     -.078      .000
          20      4      .042      .000      .000
          20      5     -.042      .000      .000
          21      1      .000      .000      .000
 # для узла      1 все геометр. парам. отвергнуты
          21      2      .000      .000      .144
 # для узла      2 все геометр. парам. отвергнуты
          21      3      .042      .000      .144
          21      4     -.042      .000      .144
          21      5      .000      .000      .084
 # для узла      5 все геометр. парам. отвергнуты
          21      6      .000      .000     -.056
 # для узла      6 все геометр. парам. отвергнуты
          21      7      .000      .000     -.100
 # для узла      7 все геометр. парам. отвергнуты
          21      8      .000      .040     -.100
 # для узла      8 все геометр. парам. отвергнуты
          21      9     -.015      .037     -.100
 # для узла      9 все геометр. парам. отвергнуты
          21     10     -.028      .028     -.100
 # для узла     10 все геометр. парам. отвергнуты
          21     11     -.037      .015     -.100
 # для узла     11 все геометр. парам. отвергнуты
          21     12     -.040      .000     -.100
 # для узла     12 все геометр. парам. отвергнуты
          21     13     -.037     -.015     -.100
 # для узла     13 все геометр. парам. отвергнуты
          21     14     -.028     -.028     -.100
 # для узла     14 все геометр. парам. отвергнуты
          21     15     -.015     -.037     -.100
 # для узла     15 все геометр. парам. отвергнуты
          21     16      .000     -.040     -.100
 # для узла     16 все геометр. парам. отвергнуты
          21     17      .015     -.037     -.100
 # для узла     17 все геометр. парам. отвергнуты
          21     18      .028     -.028     -.100
 # для узла     18 все геометр. парам. отвергнуты
          21     19      .037     -.015     -.100
 # для узла     19 все геометр. парам. отвергнуты
          21     20      .040      .000     -.100
 # для узла     20 все геометр. парам. отвергнуты
          21     21      .037      .015     -.100
 # для узла     21 все геометр. парам. отвергнуты
          21     22      .028      .028     -.100
 # для узла     22 все геометр. парам. отвергнуты
          21     23      .015      .037     -.100
 # для узла     23 все геометр. парам. отвергнуты
          25      1      .000      .000      .000
 # для узла      1 все геометр. парам. отвергнуты
          25      2      .018      .000      .097
          25      3      .018      .000      .039
          25      4      .000      .029      .000
          25      5      .000     -.029      .000
          26      1      .000      .000      .000
 # для узла      1 все геометр. парам. отвергнуты
          26      2      .000      .000      .048
 # для узла      2 все геометр. парам. отвергнуты
          26      3      .000      .000     -.058
          26      4     -.029      .000      .048
          26      5      .029      .000      .048
          26      6      .000      .000      .019
          27      1      .000      .000      .000
 # для узла      1 все геометр. парам. отвергнуты
          27      2      .029      .000      .000
          27      3     -.029      .000      .000
          27      4      .000      .029      .000
          27      5      .000     -.029      .000
          28      1      .000      .000      .000
 # для узла      1 все геометр. парам. отвергнуты
          28      2      .000      .029     -.050
          28      3      .000     -.029     -.050
          28      4     -.100     -.050     -.100
 # для узла      4 все геометр. парам. отвергнуты
          28      5     -.100      .050     -.100
 # для узла      5 все геометр. парам. отвергнуты
          28      6      .050      .050     -.050
 # для узла      6 все геометр. парам. отвергнуты
          28      7      .050     -.050     -.050
 # для узла      7 все геометр. парам. отвергнуты
          28      8     -.100     -.080      .050
 # для узла      8 все геометр. парам. отвергнуты
          28      9     -.100      .080      .050
 # для узла      9 все геометр. парам. отвергнуты
          28     10      .050     -.080      .050
 # для узла     10 все геометр. парам. отвергнуты
          28     11      .050      .080      .050
 # для узла     11 все геометр. парам. отвергнуты
          29      1      .000      .000      .000
          29      2      .100      .000      .000
          30      1      .000      .000      .000
          30      2      .100      .000      .000
          30      3     -.100      .000      .000
 # для узла      3 все геометр. парам. отвергнуты
          30      4     -.100      .100     -.100
 # для узла      4 все геометр. парам. отвергнуты
          30      5     -.100     -.100     -.100
 # для узла      5 все геометр. парам. отвергнуты
          30      6      .100     -.100      .100
 # для узла      6 все геометр. парам. отвергнуты
          30      7      .100      .100     -.100
 # для узла      7 все геометр. парам. отвергнуты
          30      8     -.100     -.100      .100
 # для узла      8 все геометр. парам. отвергнуты
          30      9      .100     -.100     -.100
 # для узла      9 все геометр. парам. отвергнуты
          30     10     -.100      .100      .100
 # для узла     10 все геометр. парам. отвергнуты
          30     11      .100      .100      .100
 # для узла     11 все геометр. парам. отвергнуты
          30     12      .000      .000      .100
          30     13      .000      .100      .000
          31      1      .000      .000      .000
          31      2      .100      .000      .000
          32      1      .000      .000      .000
          32      2      .100      .000      .000
          33      1      .000      .000      .000
          33      2      .050      .000      .000
          33      3      .000      .000      .050
 # для узла      3 все геометр. парам. отвергнуты
          33      4      .000      .050      .000
 # для узла      4 все геометр. парам. отвергнуты
          33      5      .000      .050      .000
 # для узла      5 все геометр. парам. отвергнуты
          33      6     -.019      .046      .000
 # для узла      6 все геометр. парам. отвергнуты
          33      7     -.035      .035      .000
 # для узла      7 все геометр. парам. отвергнуты
          33      8     -.046      .019      .000
 # для узла      8 все геометр. парам. отвергнуты
          33      9     -.050      .000      .000
 # для узла      9 все геометр. парам. отвергнуты
          33     10     -.046     -.019      .000
 # для узла     10 все геометр. парам. отвергнуты
          33     11     -.035     -.035      .000
 # для узла     11 все геометр. парам. отвергнуты
          33     12     -.019     -.046      .000
 # для узла     12 все геометр. парам. отвергнуты
          33     13      .000     -.050      .000
 # для узла     13 все геометр. парам. отвергнуты
          33     14      .019     -.046      .000
 # для узла     14 все геометр. парам. отвергнуты
          33     15      .035     -.035      .000
 # для узла     15 все геометр. парам. отвергнуты
          33     16      .046     -.019      .000
 # для узла     16 все геометр. парам. отвергнуты
          33     17      .050      .000      .000
 # для узла     17 все геометр. парам. отвергнуты
          33     18      .046      .019      .000
 # для узла     18 все геометр. парам. отвергнуты
          33     19      .035      .035      .000
 # для узла     19 все геометр. парам. отвергнуты
          33     20      .019      .046      .000
 # для узла     20 все геометр. парам. отвергнуты
          34      1      .000      .000      .000
          34      2      .050      .000      .000
          34      3      .000      .000      .000
 # для узла      3 все геометр. парам. отвергнуты
          34      4      .000      .088      .000
          34      5      .000     -.088      .000
          34      6      .000      .000      .050
          34      7      .026     -.088      .000
 # для узла      7 все геометр. парам. отвергнуты
          34      8      .026      .088      .000
 # для узла      8 все геометр. парам. отвергнуты
          35      1      .000      .000      .000
          35      2      .000      .000      .000
 # для узла      2 все геометр. парам. отвергнуты
          35      3      .000      .000      .000
 # для узла      3 все геометр. парам. отвергнуты
          35      4      .000      .000      .000
 # для узла      4 все геометр. парам. отвергнуты
          35      5      .500      .000      .000
 # для узла      5 все геометр. парам. отвергнуты
          35      6      .000      .000      .000
 # для узла      6 все геометр. парам. отвергнуты
          35      7      .000      .000      .000
 # для узла      7 все геометр. парам. отвергнуты
          35      8      .000      .000      .000
 # для узла      8 все геометр. парам. отвергнуты
          35      9      .000      .000      .000
 # для узла      9 все геометр. парам. отвергнуты
          35     10      .000      .000      .000
 # для узла     10 все геометр. парам. отвергнуты
          35     11      .000      .000      .000
 # для узла     11 все геометр. парам. отвергнуты
          35     12      .000      .000      .000
 # для узла     12 все геометр. парам. отвергнуты
          35     13      .000      .000      .000
 # для узла     13 все геометр. парам. отвергнуты
          35     14      .000      .000      .000
 # для узла     14 все геометр. парам. отвергнуты
          35     15      .000      .000      .000
 # для узла     15 все геометр. парам. отвергнуты
          35     16      .000      .000      .000
 # для узла     16 все геометр. парам. отвергнуты
          36      1      .000      .000      .000
          36      2      .000      .000      .000
 # для узла      2 все геометр. парам. отвергнуты
          36      3      .000      .000      .000
 # для узла      3 все геометр. парам. отвергнуты
          36      4      .000      .000      .000
 # для узла      4 все геометр. парам. отвергнуты
          36      5      .500      .000      .000
 # для узла      5 все геометр. парам. отвергнуты
          36      6      .000      .000      .000
 # для узла      6 все геометр. парам. отвергнуты
          36      7      .000      .000      .000
 # для узла      7 все геометр. парам. отвергнуты
          36      8      .000      .000      .000
 # для узла      8 все геометр. парам. отвергнуты
          36      9      .000      .000      .000
 # для узла      9 все геометр. парам. отвергнуты
          36     10      .000      .000      .000
 # для узла     10 все геометр. парам. отвергнуты
          36     11      .000      .000      .000
 # для узла     11 все геометр. парам. отвергнуты
          36     12      .000      .000      .000
 # для узла     12 все геометр. парам. отвергнуты
          36     13      .000      .000      .000
 # для узла     13 все геометр. парам. отвергнуты
          36     14      .000      .000      .000
 # для узла     14 все геометр. парам. отвергнуты
          36     15      .000      .000      .000
 # для узла     15 все геометр. парам. отвергнуты
          36     16      .000      .000      .000
 # для узла     16 все геометр. парам. отвергнуты
          37      1      .000      .000      .000
          37      2      .000      .000      .000
 # для узла      2 все геометр. парам. отвергнуты
          37      3      .000      .000      .000
 # для узла      3 все геометр. парам. отвергнуты
          37      4      .000      .000      .000
 # для узла      4 все геометр. парам. отвергнуты
          37      5      .500      .000      .000
 # для узла      5 все геометр. парам. отвергнуты
          37      6      .000      .000      .000
 # для узла      6 все геометр. парам. отвергнуты
          37      7      .000      .000      .000
 # для узла      7 все геометр. парам. отвергнуты
          37      8      .000      .000      .000
 # для узла      8 все геометр. парам. отвергнуты
          37      9      .000      .000      .000
 # для узла      9 все геометр. парам. отвергнуты
          37     10      .000      .000      .000
 # для узла     10 все геометр. парам. отвергнуты
          37     11      .000      .000      .000
 # для узла     11 все геометр. парам. отвергнуты
          37     12      .000      .000      .000
 # для узла     12 все геометр. парам. отвергнуты
          37     13      .000      .000      .000
 # для узла     13 все геометр. парам. отвергнуты
          37     14      .000      .000      .000
 # для узла     14 все геометр. парам. отвергнуты
          37     15      .000      .000      .000
 # для узла     15 все геометр. парам. отвергнуты
          37     16      .000      .000      .000
 # для узла     16 все геометр. парам. отвергнуты
          38      1      .000      .000      .000
          38      2      .000      .000      .000
 # для узла      2 все геометр. парам. отвергнуты
          38      3      .000      .000      .000
 # для узла      3 все геометр. парам. отвергнуты
          38      4      .000      .000      .000
 # для узла      4 все геометр. парам. отвергнуты
          38      5      .500      .000      .000
 # для узла      5 все геометр. парам. отвергнуты
          38      6      .000      .000      .000
 # для узла      6 все геометр. парам. отвергнуты
          38      7      .000      .000      .000
 # для узла      7 все геометр. парам. отвергнуты
          38      8      .000      .000      .000
 # для узла      8 все геометр. парам. отвергнуты
          38      9      .000      .000      .000
 # для узла      9 все геометр. парам. отвергнуты
          38     10      .000      .000      .000
 # для узла     10 все геометр. парам. отвергнуты
          38     11      .000      .000      .000
 # для узла     11 все геометр. парам. отвергнуты
          38     12      .000      .000      .000
 # для узла     12 все геометр. парам. отвергнуты
          38     13      .000      .000      .000
 # для узла     13 все геометр. парам. отвергнуты
          38     14      .000      .000      .000
 # для узла     14 все геометр. парам. отвергнуты
          38     15      .000      .000      .000
 # для узла     15 все геометр. парам. отвергнуты
          38     16      .000      .000      .000
 # для узла     16 все геометр. парам. отвергнуты
          39      1      .000      .000      .000
          39      2      .000      .000      .000
 # для узла      2 все геометр. парам. отвергнуты
          39      3      .000      .000      .000
 # для узла      3 все геометр. парам. отвергнуты
          39      4      .000      .000      .000
 # для узла      4 все геометр. парам. отвергнуты
          39      5      .500      .000      .000
 # для узла      5 все геометр. парам. отвергнуты
          39      6      .000      .000      .000
 # для узла      6 все геометр. парам. отвергнуты
          39      7      .000      .000      .000
 # для узла      7 все геометр. парам. отвергнуты
          39      8      .000      .000      .000
 # для узла      8 все геометр. парам. отвергнуты
          39      9      .000      .000      .000
 # для узла      9 все геометр. парам. отвергнуты
          39     10      .000      .000      .000
 # для узла     10 все геометр. парам. отвергнуты
          39     11      .000      .000      .000
 # для узла     11 все геометр. парам. отвергнуты
          39     12      .000      .000      .000
 # для узла     12 все геометр. парам. отвергнуты
          39     13      .000      .000      .000
 # для узла     13 все геометр. парам. отвергнуты
          39     14      .000      .000      .000
 # для узла     14 все геометр. парам. отвергнуты
          39     15      .000      .000      .000
 # для узла     15 все геометр. парам. отвергнуты
          39     16      .000      .000      .000
 # для узла     16 все геометр. парам. отвергнуты
          40      1      .000      .000      .000
          40      2      .000      .000      .000
 # для узла      2 все геометр. парам. отвергнуты
          40      3      .000      .000      .000
 # для узла      3 все геометр. парам. отвергнуты
          40      4      .000      .000      .000
 # для узла      4 все геометр. парам. отвергнуты
          40      5      .500      .000      .000
 # для узла      5 все геометр. парам. отвергнуты
          40      6      .000      .000      .000
 # для узла      6 все геометр. парам. отвергнуты
          40      7      .000      .000      .000
 # для узла      7 все геометр. парам. отвергнуты
          40      8      .000      .000      .000
 # для узла      8 все геометр. парам. отвергнуты
          40      9      .000      .000      .000
 # для узла      9 все геометр. парам. отвергнуты
          40     10      .000      .000      .000
 # для узла     10 все геометр. парам. отвергнуты
          40     11      .000      .000      .000
 # для узла     11 все геометр. парам. отвергнуты
          40     12      .000      .000      .000
 # для узла     12 все геометр. парам. отвергнуты
          40     13      .000      .000      .000
 # для узла     13 все геометр. парам. отвергнуты
          40     14      .000      .000      .000
 # для узла     14 все геометр. парам. отвергнуты
          40     15      .000      .000      .000
 # для узла     15 все геометр. парам. отвергнуты
          40     16      .000      .000      .000
 # для узла     16 все геометр. парам. отвергнуты
          41      1      .000      .000      .000
          41      2      .000      .000      .000
 # для узла      2 все геометр. парам. отвергнуты
          41      3      .000      .000      .000
 # для узла      3 все геометр. парам. отвергнуты
          41      4      .000      .000      .000
 # для узла      4 все геометр. парам. отвергнуты
          41      5      .500      .000      .000
 # для узла      5 все геометр. парам. отвергнуты
          41      6      .000      .000      .000
 # для узла      6 все геометр. парам. отвергнуты
          41      7      .000      .000      .000
 # для узла      7 все геометр. парам. отвергнуты
          41      8      .000      .000      .000
 # для узла      8 все геометр. парам. отвергнуты
          41      9      .000      .000      .000
 # для узла      9 все геометр. парам. отвергнуты
          41     10      .000      .000      .000
 # для узла     10 все геометр. парам. отвергнуты
          41     11      .000      .000      .000
 # для узла     11 все геометр. парам. отвергнуты
          41     12      .000      .000      .000
 # для узла     12 все геометр. парам. отвергнуты
          41     13      .000      .000      .000
 # для узла     13 все геометр. парам. отвергнуты
          41     14      .000      .000      .000
 # для узла     14 все геометр. парам. отвергнуты
          41     15      .000      .000      .000
 # для узла     15 все геометр. парам. отвергнуты
          41     16      .000      .000      .000
 # для узла     16 все геометр. парам. отвергнуты
          42      1      .000      .000      .000
          42      2      .000      .000      .000
 # для узла      2 все геометр. парам. отвергнуты
          42      3      .000      .000      .000
 # для узла      3 все геометр. парам. отвергнуты
          42      4      .000      .000      .000
 # для узла      4 все геометр. парам. отвергнуты
          42      5      .500      .000      .000
 # для узла      5 все геометр. парам. отвергнуты
          42      6      .000      .000      .000
 # для узла      6 все геометр. парам. отвергнуты
          42      7      .000      .000      .000
 # для узла      7 все геометр. парам. отвергнуты
          42      8      .000      .000      .000
 # для узла      8 все геометр. парам. отвергнуты
          42      9      .000      .000      .000
 # для узла      9 все геометр. парам. отвергнуты
          42     10      .000      .000      .000
 # для узла     10 все геометр. парам. отвергнуты
          42     11      .000      .000      .000
 # для узла     11 все геометр. парам. отвергнуты
          42     12      .000      .000      .000
 # для узла     12 все геометр. парам. отвергнуты
          42     13      .000      .000      .000
 # для узла     13 все геометр. парам. отвергнуты
          42     14      .000      .000      .000
 # для узла     14 все геометр. парам. отвергнуты
          42     15      .000      .000      .000
 # для узла     15 все геометр. парам. отвергнуты
          42     16      .000      .000      .000
 # для узла     16 все геометр. парам. отвергнуты
          43      1      .000      .000      .000
          43      2      .000      .000      .000
 # для узла      2 все геометр. парам. отвергнуты
          43      3      .000      .000      .000
 # для узла      3 все геометр. парам. отвергнуты
          43      4      .000      .000      .000
 # для узла      4 все геометр. парам. отвергнуты
          43      5      .500      .000      .000
 # для узла      5 все геометр. парам. отвергнуты
          43      6      .000      .000      .000
 # для узла      6 все геометр. парам. отвергнуты
          43      7      .000      .000      .000
 # для узла      7 все геометр. парам. отвергнуты
          43      8      .000      .000      .000
 # для узла      8 все геометр. парам. отвергнуты
          43      9      .000      .000      .000
 # для узла      9 все геометр. парам. отвергнуты
          43     10      .000      .000      .000
 # для узла     10 все геометр. парам. отвергнуты
          43     11      .000      .000      .000
 # для узла     11 все геометр. парам. отвергнуты
          43     12      .000      .000      .000
 # для узла     12 все геометр. парам. отвергнуты
          43     13      .000      .000      .000
 # для узла     13 все геометр. парам. отвергнуты
          43     14      .000      .000      .000
 # для узла     14 все геометр. парам. отвергнуты
          43     15      .000      .000      .000
 # для узла     15 все геометр. парам. отвергнуты
          43     16      .000      .000      .000
 # для узла     16 все геометр. парам. отвергнуты
 # ***** отдельные узлы подсистем из библиотеки
BL33  NMXAR    PNAPR     PSLAG   KPAR                                           
@ 'сфер шарнир'                                                                 
    1   1   1   1
     .000000E+00
    1   1   2   1
     .100000E+03
    1   2   1   1
     .000000E+00
    1   2   2   1
     .100000E+01
    1   3   1   1
     .000000E+00
    1   3   2   1
     .100000E+01
@ 'цил шарнир XZ'                                                               
    2   1   1   1
     .000000E+00
    2   1   2   1
     .100000E+03
    2   3   1   1
     .000000E+00
    2   3   2   1
     .100000E+01
@ 'цил шарнир YZ'                                                               
    3   2   1   1
     .000000E+00
    3   2   2   1
     .100000E+01
    3   3   1   1
     .000000E+00
    3   3   2   1
     .100000E+01
@ 'цил шарниир XY'                                                              
    4   1   1   1
     .000000E+00
    4   1   2   1
     .100000E+03
    4   2   1   1
     .000000E+00
    4   2   2   1
     .100000E+01
@ 'лев рука 4'                                                                  
    8   4   1   1
     .120000E+00    .000000E+00
    8   4   2   1
     .200000E-01
@ 'лев рука 5'                                                                  
    9   5   1   1
     .120000E+01    .000000E+00
    9   5   2   1
     .200000E+01
@ 'шея 1'                                                                       
   10   5   1   1
     .120000E+03    .000000E+00
   10   5   2   1
     .200000E+03
@ 'шея 2'                                                                       
   11   6   1   1
     .120000E+00    .000000E+00
   11   6   2   1
     .200000E+01
@ 'голова 1'                                                                    
   12   4   1   1
     .120000E+01    .000000E+00
   12   4   2   1
     .200000E-01
@ 'голова 2'                                                                    
   13   5   1   1
     .120000E+01    .000000E+00
   13   5   2   1
     .200000E+01
@ 'тело'                                                                        
   14   6   1   1
     .600000E+04    .000000E+00
   14   6   2   1
     .200000E+03
@ 'бедро 1'                                                                     
   15   5   1   1
     .120000E+02    .000000E+00
   15   5   2   1
     .200000E+02
@ 'бедро 2'                                                                     
   16   4   1   1
     .120000E+02    .000000E+00
   16   4   2   1
     .200000E+02
@ 'колено'                                                                      
   17   5   1   1
     .100000E+03    .000000E+00
   17   5   2   1
     .500000E+02
@ 'бедро'                                                                       
   18   6   1   1
     .600000E+04    .000000E+00
   18   6   2   1
     .200000E+03
@ 'default name'                                                                
   19   1   1   1
     .100000E+03
   19   1   2   1
     .100000E+03
@ 'default name'                                                                
   21   1   1   1
     .100000E+03
   21   1   2   1
     .100000E+03
@ 'прав рука 4 '                                                                
   22   4   1   1
     .120000E+00    .000000E+00
   22   4   2   1
     .200000E-01
@ 'stopa ugol'                                                                  
   23   4   1   1
     .300000E+05
   23   4   2   1
     .200000E+03
   23   5   1   1
     .300000E+05
   23   5   2   1
     .200000E+03
   23   6   1   1
     .300000E+05
   23   6   2   1
     .200000E+03
@ 'вспомогательная стяжка z'                                                    
   25   1   1   1
     .100000E+05
   25   1   2   1
     .100000E+00
   25   2   1   1
     .100000E+05
   25   2   2   1
     .100000E+00
@ 'стяжка y'                                                                    
   26   2   1   1
     .100000E+05
   26   2   2   1
     .100000E+00
@ 'шарнир вспомогательной ноги'                                                 
   29   1   1   1
     .000000E+00
   29   1   2   1
     .100000E+03
   29   2   1   1
     .000000E+00
   29   2   2   1
     .100000E+01
@ 'цил шарнир вспомогательного тела'                                            
   30   1   1   1
     .000000E+00
   30   1   2   1
     .100000E+03
   30   2   1   1
     .000000E+00
   30   2   2   1
     .100000E+01
@ 'призм  шарнир вспомогательного тела'                                         
   31   2   1   1
     .000000E+00
   31   2   2   1
     .100000E+01
@ 'default name'                                                                
   32   5   1   1
     .000000E+00
   32   5   2   1
     .000000E+00
@   'подсистема передачи координат точек'                                       
   33   1   1   2
     .000000E+00    .000000E+00    .000000E+00    .000000E+00
     .000000E+00    .000000E+00    .000000E+00    .000000E+00
   33   1   2   1
     .000000E+00
   34   1   1   3
     .104167E+00    .100000E+01    .300000E-01    .500000E+00
     .000000E+00    .000000E+00    .000000E+00    .440000E-01
     .100000E+02    .000000E+00    .880000E-01    .000000E+00
   34   1   2   1
     .000000E+00
@  'шарнир траектории'                                                          
   35   1   1   1
     .100000E-07    .100000E+01    .000000E+00
   35   1   2   1
     .000000E+00
   35   2   1   1
     .100000E-07    .100000E+01    .000000E+00
   35   2   2   1
     .000000E+00
   35   3   1   1
     .123456E+06    .100000E+01    .000000E+00
   35   3   2   1
     .000000E+00
$***********************************************************                    
$   макро задает траекторию движения произвольной точки тела                    
$   в пространстве                                                              
$***********************************************************                    
$      формальные параметры шага МОДЕЛЬ                                         
$ p1  - номер  тела                                                             
$ p2  - номер узла тела                                                         
$ p3  - номер типа многополюсника задания траектории                            
$  'механическая характеристика траектории'                                     
$if p1 == 0 then                                                                
$        nmx1     1        1          2                                         
$          0.  0.  0.1   0.                                                     
$          0.   0.   0.   0.                                                    
$        nmx1     1        2          1                                         
$          0.   0.   0.   0.                                                    
$else                                                                           
   36   1   1   3
     .875000E-02    .500000E+00    .850000E+02    .500000E+00
     .100000E+01    .100000E+01    .100000E+01    .000000E+00
     .000000E+00    .000000E+00    .000000E+00    .000000E+00
   36   1   2   1
     .000000E+00
$@  'шарнир траектории'                                                         
$       nmx2    1        1          1                                           
$        125000000.00001  0.   0.   0.                                          
$       nmx2    1        2          1                                           
$         15000.0001 0.   0.   0.                                               
$       nmx2    2        1          1                                           
$        125000000.00001  0.   0.   0.                                          
$       nmx2    2        2          1                                           
$         15000.0001 0.   0.   0.                                               
$       nmx2    3        1          1                                           
$        125000000.00001  0.   0.   0.                                          
$       nmx2    3        2          1                                           
$        15000.0001 0.   0.   0.                                                
@  'шарнир траектории tspatp2*'                                                 
   37   1   1   1
     .123456E+06    .000000E+00    .000000E+00
   37   1   2   1
     .351363E+03
   37   2   1   1
     .123456E+06    .000000E+00    .000000E+00
   37   2   2   1
     .351363E+03
   37   3   1   1
     .123456E+06    .000000E+00    .000000E+00
   37   3   2   1
     .351363E+03
$***********************************************************                    
$   макро передает для запоминания перемещения, скорости и ускорения            
$   точки тела по заданному направлению                                         
$***********************************************************                    
$      формальные параметры шага МОДЕЛЬ                                         
$ p1  - номер  тела                                                             
$ p2  - номер узла тела                                                         
$ p3  - признак направления (1 - 6)                                             
$  'блок запоминания координат'                                                 
   38   1   1   2
     .000000E+00    .000000E+00    .000000E+00    .000000E+00
     .000000E+00    .000000E+00    .000000E+00    .000000E+00
   38   1   2   1
     .000000E+00
$***********************************************************                    
$   макро передает для запоминания перемещения, скорости и ускорения            
$   точки тела по заданному направлению                                         
$***********************************************************                    
$      формальные параметры шага МОДЕЛЬ                                         
$ p1  - номер  тела                                                             
$ p2  - номер узла тела                                                         
$ p3  - признак направления (1 - 6)                                             
$  'блок запоминания координат'                                                 
   39   1   1   2
     .000000E+00    .000000E+00    .000000E+00    .000000E+00
     .000000E+00    .000000E+00    .000000E+00    .000000E+00
   39   1   2   1
     .000000E+00
$***********************************************************                    
$   макро передает для запоминания перемещения, скорости и ускорения            
$   точки тела по заданному направлению                                         
$***********************************************************                    
$      формальные параметры шага МОДЕЛЬ                                         
$ p1  - номер  тела                                                             
$ p2  - номер узла тела                                                         
$ p3  - признак направления (1 - 6)                                             
$  'блок запоминания координат'                                                 
   40   1   1   2
     .000000E+00    .000000E+00    .000000E+00    .000000E+00
     .000000E+00    .000000E+00    .000000E+00    .000000E+00
   40   1   2   1
     .000000E+00
$***********************************************************                    
$   макро задает траекторию движения произвольной точки тела                    
$   в пространстве                                                              
$***********************************************************                    
$      формальные параметры шага МОДЕЛЬ                                         
$ p1  - номер  тела                                                             
$ p2  - номер узла тела                                                         
$ p3  - номер типа многополюсника задания траектории                            
$  'механическая характеристика траектории'                                     
$if p1 == 0 then                                                                
$        nmx1     1        1          2                                         
$          0.  0.  0.1   0.                                                     
$          0.   0.   0.   0.                                                    
$        nmx1     1        2          1                                         
$          0.   0.   0.   0.                                                    
$else                                                                           
   41   1   1   3
     .875000E-02    .500000E+00    .850000E+02    .500000E+00
     .100000E+01    .000000E+00    .100000E+01    .000000E+00
     .000000E+00    .000000E+00    .000000E+00    .000000E+00
   41   1   2   1
     .000000E+00
$@  'шарнир траектории'                                                         
$       nmx2    1        1          1                                           
$        125000000.00001  0.   0.   0.                                          
$       nmx2    1        2          1                                           
$         15000.0001 0.   0.   0.                                               
$       nmx2    2        1          1                                           
$        125000000.00001  0.   0.   0.                                          
$       nmx2    2        2          1                                           
$         15000.0001 0.   0.   0.                                               
$       nmx2    3        1          1                                           
$        125000000.00001  0.   0.   0.                                          
$       nmx2    3        2          1                                           
$        15000.0001 0.   0.   0.                                                
@  'шарнир траектории tspatp2*'                                                 
   42   1   1   1
     .123456E+06    .000000E+00    .000000E+00
   42   1   2   1
     .351363E+03
   42   2   1   1
     .100000E-08    .000000E+00    .000000E+00
   42   2   2   1
     .316228E-04
   42   3   1   1
     .123456E+06    .000000E+00    .000000E+00
   42   3   2   1
     .351363E+03
$***********************************************************                    
$   макро передает для запоминания перемещения, скорости и ускорения            
$   точки тела по заданному направлению                                         
$***********************************************************                    
$      формальные параметры шага МОДЕЛЬ                                         
$ p1  - номер  тела                                                             
$ p2  - номер узла тела                                                         
$ p3  - признак направления (1 - 6)                                             
$  'блок запоминания координат'                                                 
   43   1   1   2
     .000000E+00    .000000E+00    .000000E+00    .000000E+00
     .000000E+00    .000000E+00    .000000E+00    .000000E+00
   43   1   2   1
     .000000E+00
$***********************************************************                    
$   макро передает для запоминания перемещения, скорости и ускорения            
$   точки тела по заданному направлению                                         
$***********************************************************                    
$      формальные параметры шага МОДЕЛЬ                                         
$ p1  - номер  тела                                                             
$ p2  - номер узла тела                                                         
$ p3  - признак направления (1 - 6)                                             
$  'блок запоминания координат'                                                 
   44   1   1   2
     .000000E+00    .000000E+00    .000000E+00    .000000E+00
     .000000E+00    .000000E+00    .000000E+00    .000000E+00
   44   1   2   1
     .000000E+00
$***********************************************************                    
$   макро передает для запоминания перемещения, скорости и ускорения            
$   точки тела по заданному направлению                                         
$***********************************************************                    
$      формальные параметры шага МОДЕЛЬ                                         
$ p1  - номер  тела                                                             
$ p2  - номер узла тела                                                         
$ p3  - признак направления (1 - 6)                                             
$  'блок запоминания координат'                                                 
   45   1   1   2
     .000000E+00    .000000E+00    .000000E+00    .000000E+00
     .000000E+00    .000000E+00    .000000E+00    .000000E+00
   45   1   2   1
     .000000E+00
$***********************************************************                    
$   макро задает траекторию движения произвольной точки тела                    
$   в пространстве                                                              
$***********************************************************                    
$      формальные параметры шага МОДЕЛЬ                                         
$ p1  - номер  тела                                                             
$ p2  - номер узла тела                                                         
$ p3  - номер типа многополюсника задания траектории                            
$  'механическая характеристика траектории'                                     
$if p1 == 0 then                                                                
$        nmx1     1        1          2                                         
$          0.  0.  0.1   0.                                                     
$          0.   0.   0.   0.                                                    
$        nmx1     1        2          1                                         
$          0.   0.   0.   0.                                                    
$else                                                                           
   46   1   1   3
     .875000E-02    .500000E+00    .850000E+02    .500000E+00
     .000000E+00    .000000E+00    .000000E+00    .000000E+00
     .000000E+00    .000000E+00    .000000E+00    .000000E+00
   46   1   2   1
     .000000E+00
$@  'шарнир траектории'                                                         
$       nmx2    1        1          1                                           
$        125000000.00001  0.   0.   0.                                          
$       nmx2    1        2          1                                           
$         15000.0001 0.   0.   0.                                               
$       nmx2    2        1          1                                           
$        125000000.00001  0.   0.   0.                                          
$       nmx2    2        2          1                                           
$         15000.0001 0.   0.   0.                                               
$       nmx2    3        1          1                                           
$        125000000.00001  0.   0.   0.                                          
$       nmx2    3        2          1                                           
$        15000.0001 0.   0.   0.                                                
@  'шарнир траектории tspatp2*'                                                 
   47   1   1   1
     .100000E-08    .000000E+00    .000000E+00
   47   1   2   1
     .316228E-04
   47   2   1   1
     .100000E-08    .000000E+00    .000000E+00
   47   2   2   1
     .316228E-04
   47   3   1   1
     .100000E-08    .000000E+00    .000000E+00
   47   3   2   1
     .316228E-04
$***********************************************************                    
$   макро передает для запоминания перемещения, скорости и ускорения            
$   точки тела по заданному направлению                                         
$***********************************************************                    
$      формальные параметры шага МОДЕЛЬ                                         
$ p1  - номер  тела                                                             
$ p2  - номер узла тела                                                         
$ p3  - признак направления (1 - 6)                                             
$  'блок запоминания координат'                                                 
   48   1   1   2
     .000000E+00    .000000E+00    .000000E+00    .000000E+00
     .000000E+00    .000000E+00    .000000E+00    .000000E+00
   48   1   2   1
     .000000E+00
$***********************************************************                    
$   макро передает для запоминания перемещения, скорости и ускорения            
$   точки тела по заданному направлению                                         
$***********************************************************                    
$      формальные параметры шага МОДЕЛЬ                                         
$ p1  - номер  тела                                                             
$ p2  - номер узла тела                                                         
$ p3  - признак направления (1 - 6)                                             
$  'блок запоминания координат'                                                 
   49   1   1   2
     .000000E+00    .000000E+00    .000000E+00    .000000E+00
     .000000E+00    .000000E+00    .000000E+00    .000000E+00
   49   1   2   1
     .000000E+00
$***********************************************************                    
$   макро передает для запоминания перемещения, скорости и ускорения            
$   точки тела по заданному направлению                                         
$***********************************************************                    
$      формальные параметры шага МОДЕЛЬ                                         
$ p1  - номер  тела                                                             
$ p2  - номер узла тела                                                         
$ p3  - признак направления (1 - 6)                                             
$  'блок запоминания координат'                                                 
   50   1   1   2
     .000000E+00    .000000E+00    .000000E+00    .000000E+00
     .000000E+00    .000000E+00    .000000E+00    .000000E+00
   50   1   2   1
     .000000E+00
$***********************************************************                    
$   макро задает траекторию движения произвольной точки тела                    
$   в пространстве                                                              
$***********************************************************                    
$      формальные параметры шага МОДЕЛЬ                                         
$ p1  - номер  тела                                                             
$ p2  - номер узла тела                                                         
$ p3  - номер типа многополюсника задания траектории                            
$  'механическая характеристика траектории'                                     
$if p1 == 0 then                                                                
$        nmx1     1        1          2                                         
$          0.  0.  0.1   0.                                                     
$          0.   0.   0.   0.                                                    
$        nmx1     1        2          1                                         
$          0.   0.   0.   0.                                                    
$else                                                                           
   51   1   1   3
     .875000E-02    .500000E+00    .850000E+02    .500000E+00
     .100000E+01    .000000E+00    .000000E+00    .000000E+00
     .000000E+00    .000000E+00    .000000E+00    .000000E+00
   51   1   2   1
     .000000E+00
$@  'шарнир траектории'                                                         
$       nmx2    1        1          1                                           
$        125000000.00001  0.   0.   0.                                          
$       nmx2    1        2          1                                           
$         15000.0001 0.   0.   0.                                               
$       nmx2    2        1          1                                           
$        125000000.00001  0.   0.   0.                                          
$       nmx2    2        2          1                                           
$         15000.0001 0.   0.   0.                                               
$       nmx2    3        1          1                                           
$        125000000.00001  0.   0.   0.                                          
$       nmx2    3        2          1                                           
$        15000.0001 0.   0.   0.                                                
@  'шарнир траектории tspatp2*'                                                 
   52   1   1   1
     .123456E+06    .000000E+00    .000000E+00
   52   1   2   1
     .351363E+03
   52   2   1   1
     .100000E-08    .000000E+00    .000000E+00
   52   2   2   1
     .316228E-04
   52   3   1   1
     .100000E-08    .000000E+00    .000000E+00
   52   3   2   1
     .316228E-04
$***********************************************************                    
$   макро передает для запоминания перемещения, скорости и ускорения            
$   точки тела по заданному направлению                                         
$***********************************************************                    
$      формальные параметры шага МОДЕЛЬ                                         
$ p1  - номер  тела                                                             
$ p2  - номер узла тела                                                         
$ p3  - признак направления (1 - 6)                                             
$  'блок запоминания координат'                                                 
   53   1   1   2
     .000000E+00    .000000E+00    .000000E+00    .000000E+00
     .000000E+00    .000000E+00    .000000E+00    .000000E+00
   53   1   2   1
     .000000E+00
$***********************************************************                    
$   макро передает для запоминания перемещения, скорости и ускорения            
$   точки тела по заданному направлению                                         
$***********************************************************                    
$      формальные параметры шага МОДЕЛЬ                                         
$ p1  - номер  тела                                                             
$ p2  - номер узла тела                                                         
$ p3  - признак направления (1 - 6)                                             
$  'блок запоминания координат'                                                 
   54   1   1   2
     .000000E+00    .000000E+00    .000000E+00    .000000E+00
     .000000E+00    .000000E+00    .000000E+00    .000000E+00
   54   1   2   1
     .000000E+00
$***********************************************************                    
$   макро передает для запоминания перемещения, скорости и ускорения            
$   точки тела по заданному направлению                                         
$***********************************************************                    
$      формальные параметры шага МОДЕЛЬ                                         
$ p1  - номер  тела                                                             
$ p2  - номер узла тела                                                         
$ p3  - признак направления (1 - 6)                                             
$  'блок запоминания координат'                                                 
   55   1   1   2
     .000000E+00    .000000E+00    .000000E+00    .000000E+00
     .000000E+00    .000000E+00    .000000E+00    .000000E+00
   55   1   2   1
     .000000E+00
$***********************************************************                    
$   макро задает траекторию движения стопы шагающего                            
$   движителя в пространстве                                                    
$***********************************************************                    
$      формальные параметры шага МОДЕЛЬ                                         
$ p1  - номер  тела стопа                                                       
$ p2  - номер узла тела стопа                                                   
$ p3  - номер  тела кузов                                                       
$ p4  - номер узла тела кузов                                                   
$ p5  - номер типа многополюсника задания траектории                            
@   'подсистема передачи координат точек'                                       
   56   1   1   2
     .000000E+00    .000000E+00    .000000E+00    .000000E+00
     .000000E+00    .000000E+00    .000000E+00    .000000E+00
   56   1   2   1
     .000000E+00
   57   1   1   3
     .104167E+00    .200000E+01    .300000E-01    .500000E+00
     .930000E+00    .880000E-01    .000000E+00    .440000E-01
     .100000E+02    .000000E+00   -.880000E-01    .000000E+00
   57   1   2   1
     .000000E+00
@  'шарнир траектории'                                                          
   58   1   1   1
     .100000E-07    .200000E+01    .000000E+00
   58   1   2   1
     .000000E+00
   58   2   1   1
     .100000E-07    .200000E+01    .000000E+00
   58   2   2   1
     .000000E+00
   58   3   1   1
     .123456E+06    .200000E+01    .000000E+00
   58   3   2   1
     .000000E+00
$***********************************************************                    
$   макро задает траекторию движения стопы шагающего                            
$   движителя в пространстве                                                    
$***********************************************************                    
$      формальные параметры шага МОДЕЛЬ                                         
$ p1  - номер  тела стопа                                                       
$ p2  - номер узла тела стопа                                                   
$ p3  - номер  тела кузов                                                       
$ p4  - номер узла тела кузов                                                   
$ p5  - номер типа многополюсника задания траектории                            
@   'подсистема передачи координат точек'                                       
   59   1   1   2
     .000000E+00    .000000E+00    .000000E+00    .000000E+00
     .000000E+00    .000000E+00    .000000E+00    .000000E+00
   59   1   2   1
     .000000E+00
   60   1   1   3
     .104167E+00    .300000E+01    .500000E-01    .500000E+00
     .100000E-01    .880000E-01    .000000E+00    .440000E-01
     .100000E+02    .000000E+00    .880000E-01    .000000E+00
   60   1   2   1
     .000000E+00
@  'шарнир траектории'                                                          
   61   1   1   1
     .123456E+06    .300000E+01    .000000E+00
   61   1   2   1
     .000000E+00
   61   2   1   1
     .123456E+06    .300000E+01    .000000E+00
   61   2   2   1
     .000000E+00
   61   3   1   1
     .123456E+06    .300000E+01    .000000E+00
   61   3   2   1
     .000000E+00
$***********************************************************                    
$   макро задает траекторию движения стопы шагающего                            
$   движителя в пространстве                                                    
$***********************************************************                    
$      формальные параметры шага МОДЕЛЬ                                         
$ p1  - номер  тела стопа                                                       
$ p2  - номер узла тела стопа                                                   
$ p3  - номер  тела кузов                                                       
$ p4  - номер узла тела кузов                                                   
$ p5  - номер типа многополюсника задания траектории                            
@   'подсистема передачи координат точек'                                       
   62   1   1   2
     .000000E+00    .000000E+00    .000000E+00    .000000E+00
     .000000E+00    .000000E+00    .000000E+00    .000000E+00
   62   1   2   1
     .000000E+00
   63   1   1   3
     .104167E+00    .400000E+01    .500000E-01    .500000E+00
     .760000E+00   -.880000E-01    .000000E+00    .440000E-01
     .100000E+02    .000000E+00   -.880000E-01    .000000E+00
   63   1   2   1
     .000000E+00
@  'шарнир траектории'                                                          
   64   1   1   1
     .123456E+06    .400000E+01    .000000E+00
   64   1   2   1
     .000000E+00
   64   2   1   1
     .123456E+06    .400000E+01    .000000E+00
   64   2   2   1
     .000000E+00
   64   3   1   1
     .123456E+06    .400000E+01    .000000E+00
   64   3   2   1
     .000000E+00
$***********************************************************                    
$   макро задает траекторию движения произвольной точки тела                    
$   в пространстве                                                              
$***********************************************************                    
$      формальные параметры шага МОДЕЛЬ                                         
$ p1  - номер  тела                                                             
$ p2  - номер узла тела                                                         
$ p3  - номер типа многополюсника задания траектории                            
$  'механическая характеристика траектории'                                     
$if p1 == 0 then                                                                
$        nmx1     1        1          2                                         
$          0.  0.  0.1   0.                                                     
$          0.   0.   0.   0.                                                    
$        nmx1     1        2          1                                         
$          0.   0.   0.   0.                                                    
$else                                                                           
   65   1   1   3
    -.100000E+01    .000000E+00    .000000E+00    .100000E+01
     .100000E+01    .100000E+01    .000000E+00    .100000E+01
     .000000E+00    .000000E+00    .000000E+00    .000000E+00
   65   1   2   1
     .000000E+00
$@  'шарнир траектории'                                                         
$       nmx2    1        1          1                                           
$        125000000.00001  0.   0.   0.                                          
$       nmx2    1        2          1                                           
$         15000.0001 0.   0.   0.                                               
$       nmx2    2        1          1                                           
$        125000000.00001  0.   0.   0.                                          
$       nmx2    2        2          1                                           
$         15000.0001 0.   0.   0.                                               
$       nmx2    3        1          1                                           
$        125000000.00001  0.   0.   0.                                          
$       nmx2    3        2          1                                           
$        15000.0001 0.   0.   0.                                                
@  'шарнир траектории tspatp2*'                                                 
   66   1   1   1
     .123456E+06    .000000E+00    .000000E+00
   66   1   2   1
     .351363E+03
   66   2   1   1
     .123456E+06    .000000E+00    .000000E+00
   66   2   2   1
     .351363E+03
   66   3   1   1
     .100000E-08    .000000E+00    .000000E+00
   66   3   2   1
     .316228E-04
$***********************************************************                    
$   макро передает для запоминания перемещения, скорости и ускорения            
$   точки тела по заданному направлению                                         
$***********************************************************                    
$      формальные параметры шага МОДЕЛЬ                                         
$ p1  - номер  тела                                                             
$ p2  - номер узла тела                                                         
$ p3  - признак направления (1 - 6)                                             
$  'блок запоминания координат'                                                 
   67   1   1   2
     .000000E+00    .000000E+00    .000000E+00    .000000E+00
     .000000E+00    .000000E+00    .000000E+00    .000000E+00
   67   1   2   1
     .000000E+00
$***********************************************************                    
$   макро передает для запоминания перемещения, скорости и ускорения            
$   точки тела по заданному направлению                                         
$***********************************************************                    
$      формальные параметры шага МОДЕЛЬ                                         
$ p1  - номер  тела                                                             
$ p2  - номер узла тела                                                         
$ p3  - признак направления (1 - 6)                                             
$  'блок запоминания координат'                                                 
   68   1   1   2
     .000000E+00    .000000E+00    .000000E+00    .000000E+00
     .000000E+00    .000000E+00    .000000E+00    .000000E+00
   68   1   2   1
     .000000E+00
$***********************************************************                    
$   макро передает для запоминания перемещения, скорости и ускорения            
$   точки тела по заданному направлению                                         
$***********************************************************                    
$      формальные параметры шага МОДЕЛЬ                                         
$ p1  - номер  тела                                                             
$ p2  - номер узла тела                                                         
$ p3  - признак направления (1 - 6)                                             
$  'блок запоминания координат'                                                 
   69   1   1   2
     .000000E+00    .000000E+00    .000000E+00    .000000E+00
     .000000E+00    .000000E+00    .000000E+00    .000000E+00
   69   1   2   1
     .000000E+00
BL34  NSS    NAPR     KSTR                                                      
@ 'default name'                                                                
    1   3   1
     .000000E+00
@ 'default name'                                                                
    2   3   1
     .000000E+00
@ 'default name'                                                                
    3   3   1
     .000000E+00
@ 'default name'                                                                
    4   3   1
     .000000E+00
$***********************************************************                    
$   макро задает траекторию движения стопы шагающего                            
$   движителя в пространстве                                                    
$***********************************************************                    
$      формальные параметры шага МОДЕЛЬ                                         
$ p1  - номер  тела стопа                                                       
$ p2  - номер узла тела стопа                                                   
$ p3  - номер  тела кузов                                                       
$ p4  - номер узла тела кузов                                                   
$ p5  - номер типа многополюсника задания траектории                            
ENDE
