Текущее время: 17:44:33,55
Введите новое время: 

Microsoft Windows [Version 6.1.7601]
** Препроцессор программы ввода данных шага РАСЧЕТ **
Обрабатывается макро tfootxyz.mac  ls  1  hs1  rt1  0.0  ly  lz  lx  ts  0.0  0.088  0  0  0  1      56  
Обрабатывается макро tspatp2.mac  v  trz  tdv  trz  kxx  1  1  0  0  0  0  0     122  
Обрабатывается макро coorsend.mac 
Обрабатывается макро coorsend.mac 
Обрабатывается макро coorsend.mac 
Обрабатывается макро tspatp2.mac  v  trz  tdv  trz  kxx  0  1  0  0  0  0  0     195  
Обрабатывается макро coorsend.mac 
Обрабатывается макро coorsend.mac 
Обрабатывается макро coorsend.mac 
Обрабатывается макро tspatp2.mac  v  trz  tdv  trz  0  0  0  0  0  0  0  0      58  
Обрабатывается макро coorsend.mac 
Обрабатывается макро coorsend.mac 
Обрабатывается макро coorsend.mac 
Обрабатывается макро tspatp2.mac  v  trz  tdv  trz  kxx  0  0  0  0  0  0  0      60  
Обрабатывается макро coorsend.mac 
Обрабатывается макро coorsend.mac 
Обрабатывается макро coorsend.mac 
Обрабатывается макро tfootxyz.mac  ls  2  hs1  rt1  0.93  ly1  lz  lx  ts  0  -0.088  0  0  0  1     160  
Обрабатывается макро tfootxyz.mac  ls  3  hs  rt  0.01  ly13  lz  lx  ts  0  0.088  0.0  1  1  1      53  
Обрабатывается макро tfootxyz.mac  ls  4  hs  rt  0.76  ly32  lz  lx  ts  0  -0.088  0.0  1  1  1     158  
Обрабатывается макро tspatp2.mac  -1  0.000000  -0.000000  1  1  1  0  1  0  0  0  0     296  
Обрабатывается макро coorsend.mac 
Обрабатывается макро coorsend.mac 
Обрабатывается макро coorsend.mac 
Замена констант выполнена успешно
Файл данных после препроцессора - RASHETP.RAS
 IBT MAXLINE          25          81
 TEXT LIN1 STPR 'Новая задача'                                                 
       
         обработка BL31
В Н И М А Н И Е    ! ! !
для подсистемы   29 отвегнуты
все инерционные параметры
В Н И М А Н И Е    ! ! !
для подсистемы   35 отвегнуты
все инерционные параметры
В Н И М А Н И Е    ! ! !
для подсистемы   36 отвегнуты
все инерционные параметры
В Н И М А Н И Е    ! ! !
для подсистемы   37 отвегнуты
все инерционные параметры
В Н И М А Н И Е    ! ! !
для подсистемы   38 отвегнуты
все инерционные параметры
В Н И М А Н И Е    ! ! !
для подсистемы   39 отвегнуты
все инерционные параметры
В Н И М А Н И Е    ! ! !
для подсистемы   40 отвегнуты
все инерционные параметры
В Н И М А Н И Е    ! ! !
для подсистемы   41 отвегнуты
все инерционные параметры
В Н И М А Н И Е    ! ! !
для подсистемы   42 отвегнуты
все инерционные параметры
В Н И М А Н И Е    ! ! !
для подсистемы   43 отвегнуты
все инерционные параметры
 22 
 33 
 44 
 55 
 IQQ           0
 66 
         обработка BL33
         обработка BL34
данные шага РАСЧЕТ введены

KGEAR=           0
***  В В О Д  ***
KGR=        1922
NITOP=           0
NITOP1=           0
***  П О Д Г О Т О В К А  ***
Выключен режим учета угла развала на смещение точки
действия вертикальной реакции шины.
Для включения режима вставьте в файл UCAMBER.CNT 1
 NREAC=           0
 MLLL =           0
 KDLS           0
 KREAC         155  NURSV         155
KCML =          15
 ESL =        1.000000000000000
 
Макс. частота по консервативному коэфф. стабилизации       28.470436124936860
 Устойчивый шаг интегрирования <   7.024831024806642E-003
 
 Устойчивый шаг интегрирования по коэфф. стабилизации
 по ускорениям <   5.619864819845314E-001
 
 START PREOM IUE =           2
 END   PREOM         27
start calls
KSIL =           0
START IMPACT INIT
end calls
 
В с.э.          86
По направлению           1 связь податливая
Жесткость и демпф. заданы пользователем
 
В с.э.          86
По направлению           2 связь податливая
Жесткость и демпф. заданы пользователем
 
В с.э.          88
По направлению           1 связь податливая
Жесткость и демпф. заданы пользователем
 
В с.э.          88
По направлению           2 связь податливая
Жесткость и демпф. заданы пользователем
 
В с.э.          90
По направлению           1 связь податливая
Жесткость и демпф. заданы пользователем
 
В с.э.          90
По направлению           2 связь податливая
Жесткость и демпф. заданы пользователем
 
В с.э.          87
По направлению           1 связь податливая
Жесткость и демпф. заданы пользователем
 
В с.э.          87
По направлению           2 связь податливая
Жесткость и демпф. заданы пользователем
 
В с.э.          89
По направлению           1 связь податливая
Жесткость и демпф. заданы пользователем
 
В с.э.          89
По направлению           2 связь податливая
Жесткость и демпф. заданы пользователем
 
В с.э.          91
По направлению           1 связь податливая
Жесткость и демпф. заданы пользователем
 
В с.э.          91
По направлению           2 связь податливая
Жесткость и демпф. заданы пользователем
 
В с.э.          94
По направлению           2 связь податливая
Жесткость и демпф. заданы пользователем
 
В с.э.         101
По направлению           1 связь податливая
Жесткость и демпф. заданы пользователем
 
В с.э.         101
По направлению           2 связь податливая
Жесткость и демпф. заданы пользователем
 
В с.э.         131
По направлению           2 связь податливая
Жесткость и демпф. заданы пользователем
 
В с.э.         149
По направлению           1 связь податливая
Жесткость и демпф. заданы пользователем
 
В с.э.         149
По направлению           2 связь податливая
Жесткость и демпф. заданы пользователем
 
В с.э.         149
По направлению           3 связь податливая
Жесткость и демпф. заданы пользователем
 
В с.э.         167
По направлению           2 связь податливая
Жесткость и демпф. заданы пользователем
 
В с.э.         167
По направлению           3 связь податливая
Жесткость и демпф. заданы пользователем
 
В с.э.         185
По направлению           1 связь податливая
Жесткость и демпф. заданы пользователем
 
В с.э.         185
По направлению           2 связь податливая
Жесткость и демпф. заданы пользователем
 
В с.э.         221
По направлению           3 связь податливая
Жесткость и демпф. заданы пользователем
epss epsv     4000.000000000000000       30.000000000000000
SNORM NLINK       1.000000000000000        1.000000000000000
       1.000000000000000        1.000000000000000        1.000000000000000
       1.000000000000000        1.000000000000000        1.000000000000000
       1.000000000000000        1.000000000000000        1.000000000000000
       1.000000000000000        1.000000000000000        1.000000000000000
       1.000000000000000        1.000000000000000        1.000000000000000
       1.000000000000000        1.000000000000000        1.000000000000000
       1.000000000000000        1.000000000000000        1.000000000000000
       1.000000000000000        1.000000000000000        1.000000000000000
       1.000000000000000        2.500000244140625        2.500000244140625
       1.000000000000000        1.000000000000000        1.000000000000000
       1.000000000000000        1.000000000000000        1.000000000000000
       1.000000000000000        1.000000000000000        2.500000244140625
       2.500000244140625        1.000000000000000        1.000000000000000
       1.000000000000000        1.000000000000000        1.000000000000000
       1.000000000000000        1.000000000000000        2.500000244140625
       2.500000244140625        1.000000000000000        1.000000000000000
       1.000000000000000        1.000000000000000        1.000000000000000
       1.000000000000000        1.000000000000000        1.000000000000000
       1.000000000000000        1.000000000000000        1.000000000000000
       1.000000000000000        2.500000244140625        2.500000244140625
       1.000000000000000        1.000000000000000        1.000000000000000
       1.000000000000000        1.000000000000000        1.000000000000000
       1.000000000000000        1.000000000000000        2.500000244140625
       2.500000244140625        1.000000000000000        1.000000000000000
       1.000000000000000        1.000000000000000        1.000000000000000
       1.000000000000000        1.000000000000000        2.500000244140625
       2.500000244140625        1.000000000000000        1.000000000000000
       1.000000000000000        1.000000000000000        1.000000000000000
       1.000000000000000        1.000000000000000        1.000000000000000
       1.000000000000000        1.000000000000000        1.000000000000000
       1.000000000000000        1.000000000000000        1.000000000000000
       1.000000000000000        1.000000000000000        1.000000000000000
       1.000000000000000        1.000000000000000        1.000000000000000
       1.000000000000000        1.000000000000000        1.000000000000000
       1.000000000000000        1.000000000000000        1.000000000000000
       1.000000000000000        1.000000000000000        1.000000000000000
       2.500000244140625        1.000000000000000        1.000000000000000
       1.000000000000000        1.000000000000000        1.000000000000000
       1.000000000000000        1.000000000000000        1.000000000000000
       1.000000000000000        1.000000000000000        1.000000000000000
       1.000000000000000        1.000000000000000        1.000000000000000
       1.000000000000000        1.000000000000000        1.000000000000000
  2.499999984806323E-012   2.499999984806323E-012        1.000000000000000
       1.000000000000000        1.000000000000000        1.000000000000000
       1.000000000000000   2.499999929295172E-013        1.000000000000000
  2.499999929295172E-013   2.499999929295172E-013   2.499999929295172E-013
       1.000000000000000   2.499999929295172E-013   2.499999929295172E-013
  2.499999984806323E-012   2.499999984806323E-012        1.000000000000000
       1.000000000000000        1.000000000000000        1.000000000000000
       1.000000000000000        1.000000000000000        1.000000000000000
       1.000000000000000        1.000000000000000   2.499999929295172E-013
       1.000000000000000        1.000000000000000        1.000000000000000
       1.000000000000000        1.000000000000000        1.000000000000000
       1.000000000000000        1.000000000000000        1.000000000000000
       1.000000000000000        1.000000000000000        1.000000000000000
       1.000000000000000        1.000000000000000        1.000000000000000
Число податливых связей          24
Число программных связей          16
 MLLG =           0
***  Р Е Ш Е Н И Е  ***
 KODR =           3
KVAR=          1
nuslov:          1
Присвоены назначенные начальные условия
KVNU=          1
открытие initcond.inp
keyaxle           0           0
 NB 
end nuslov:          1
 Единичное возмущение со стороны микропрофиля  
вариант:   1. 1 (скорость   3.6 км/ч, время    .000. 10.000 с, шаг  .0012500 с)
 RUNGH  N =           0
 tc t0 t tr1 tp tup   0.000000000000000E+000   0.000000000000000E+000
  0.000000000000000E+000   0.000000000000000E+000   0.000000000000000E+000
  0.000000000000000E+000           1
pstep(6,n) p(5)   0.000000000000000E+000   0.000000000000000E+000
 foot n faza           1   0.000000000000000E+000           1
 tc t0 t tr1 tp tup   0.000000000000000E+000        1.500000000000000
  0.000000000000000E+000   0.000000000000000E+000   0.000000000000000E+000
  0.000000000000000E+000           2
pstep(6,n) p(5)   0.000000000000000E+000   9.300000071525574E-001
 foot n faza           2   9.300000071525574E-001           2
 tc t0 t tr1 tp tup   0.000000000000000E+000        1.500000000000000
  0.000000000000000E+000   0.000000000000000E+000   0.000000000000000E+000
  0.000000000000000E+000           3
pstep(6,n) p(5)   0.000000000000000E+000   9.999999776482582E-003
 foot n faza           3   9.999999776482582E-003           3
 tc t0 t tr1 tp tup   0.000000000000000E+000        1.500000000000000
  0.000000000000000E+000   0.000000000000000E+000   0.000000000000000E+000
  0.000000000000000E+000           4
pstep(6,n) p(5)   0.000000000000000E+000   7.599999904632568E-001
 foot n faza           4   7.599999904632568E-001           4
XM0 XC  -7.078970000000000E-001  -7.078965000000000E-001
  1.436100000000000E-013   0.000000000000000E+000
 KCMOUT FULLM 0          0   0.000000000000000E+000
KCMOUT          23          23
 KCMOUT FULLM          23       58.624999821186070
pressm start KEYFL          1
matlinks
r элементов в исходной матрице        2964
 N  M         308         146
элементов в треугольной матрице        3820
 
Соединительный элемент -         167Направление -           1
Максимальное число обусловленности ур-ия связи      830.516046676706000 N = 
       308
DMAX DMIN в связях =         8.305160714280085   1.000000029802317E-002
DMAX DMIN в матрице масс =        10.875000000000000   1.250000000000000E-001
 
 MADEBFL NURSV =         170           0
 парциальный коэф инерции связи           1        2.999268044652001
 парциальный коэф инерции связи           2        2.999736005808000
 парциальный коэф инерции связи           3        2.999268044652001
 парциальный коэф инерции связи           4        2.999226049923000
 парциальный коэф инерции связи           5        2.999736005808000
 парциальный коэф инерции связи           6   4.998710083205000E-001
 парциальный коэф инерции связи           7   4.999560009680000E-001
 парциальный коэф инерции связи           8   4.998780074420001E-001
 парциальный коэф инерции связи           9   4.998710083205000E-001
 парциальный коэф инерции связи          10   4.999560009680000E-001
 парциальный коэф инерции связи          11   3.999824061538023E-001
 парциальный коэф инерции связи          12   3.999968059668168E-001
 парциальный коэф инерции связи          13   3.999016120105983E-001
 парциальный коэф инерции связи          14   3.999168102856248E-001
 парциальный коэф инерции связи          15   3.999872060626737E-001
 парциальный коэф инерции связи          16        1.378407758090164
 парциальный коэф инерции связи          17        1.262325350490944
 парциальный коэф инерции связи          18        1.302873756705328
 парциальный коэф инерции связи          19        1.378407758090164
 парциальный коэф инерции связи          20        1.262325350490944
 парциальный коэф инерции связи          21        2.999886001083000
 парциальный коэф инерции связи          22        3.000000000000000
 парциальный коэф инерции связи          23        2.999994000003000
 парциальный коэф инерции связи          24        2.999880001200000
 парциальный коэф инерции связи          25        2.999886001083000
 парциальный коэф инерции связи          26        2.999994000003000
 парциальный коэф инерции связи          27        2.999880001200000
 парциальный коэф инерции связи          28        4.499829001624500
 парциальный коэф инерции связи          29        4.500000000000000
 парциальный коэф инерции связи          30        3.350932364808000
 парциальный коэф инерции связи          31        3.350932364808000
 парциальный коэф инерции связи          32        4.499829001624500
 парциальный коэф инерции связи          33        4.499991000004500
 парциальный коэф инерции связи          34        4.499820001800000
 парциальный коэф инерции связи          35        3.350932364808000
 парциальный коэф инерции связи          36        4.500000000000000
 парциальный коэф инерции связи          37        3.350932364808000
 парциальный коэф инерции связи          38        3.350932364808000
 парциальный коэф инерции связи          39        4.500000000000000
 парциальный коэф инерции связи          40        3.350932364808000
 парциальный коэф инерции связи          41        3.350932364808000
 парциальный коэф инерции связи          42        4.479611147208000
 парциальный коэф инерции связи          43        4.479602167624501
 парциальный коэф инерции связи          44        4.479611147208000
 парциальный коэф инерции связи          45        4.500000000000000
 парциальный коэф инерции связи          46        4.479602167624501
 парциальный коэф инерции связи          47        4.479602167624501
 парциальный коэф инерции связи          48        4.500000000000000
 парциальный коэф инерции связи          49        3.000000000000000
 парциальный коэф инерции связи          50        2.986401445083001
 парциальный коэф инерции связи          51        2.986407431472000
 парциальный коэф инерции связи          52        3.000000000000000
 парциальный коэф инерции связи          53        2.986401445083001
 парциальный коэф инерции связи          54        2.999886001083000
 парциальный коэф инерции связи          55        3.000000000000000
 парциальный коэф инерции связи          56        3.000000000000000
 парциальный коэф инерции связи          57        2.999886001083000
 парциальный коэф инерции связи          58        2.999886001083000
 парциальный коэф инерции связи          59        3.000000000000000
 парциальный коэф инерции связи          60        2.999880001200000
 парциальный коэф инерции связи          61        4.499829001624500
 парциальный коэф инерции связи          62        4.500000000000000
 парциальный коэф инерции связи          63        4.499829001624500
 парциальный коэф инерции связи          64        4.499820001800000
 парциальный коэф инерции связи          65        4.499829001624500
 парциальный коэф инерции связи          66        4.500000000000000
 парциальный коэф инерции связи          67        4.499820001800000
 парциальный коэф инерции связи          68        3.335797270624500
 парциальный коэф инерции связи          69        4.500000000000000
 парциальный коэф инерции связи          70        3.335781772984501
 парциальный коэф инерции связи          71        3.335797270624500
 парциальный коэф инерции связи          72        4.500000000000000
 парциальный коэф инерции связи          73        3.335797270624500
 парциальный коэф инерции связи          74        3.335781772984501
 парциальный коэф инерции связи          75        4.479611147208000
 парциальный коэф инерции связи          76        4.479611147208000
 парциальный коэф инерции связи          77        4.479611147208000
 парциальный коэф инерции связи          78        4.500000000000000
 парциальный коэф инерции связи          79        4.479611147208000
 парциальный коэф инерции связи          80        4.479611147208000
 парциальный коэф инерции связи          81        4.500000000000000
 парциальный коэф инерции связи          82        3.000000000000000
 парциальный коэф инерции связи          83        2.986407431472000
 парциальный коэф инерции связи          84        2.986407431472000
 парциальный коэф инерции связи          85        3.000000000000000
 парциальный коэф инерции связи          86        2.986407431472000
 парциальный коэф инерции связи          87       10.874956500043500
 парциальный коэф инерции связи          88       10.825640136576000
 парциальный коэф инерции связи          89       10.874956500043500
 парциальный коэф инерции связи          90       10.825640136576000
 парциальный коэф инерции связи          91       10.874956500043500
 парциальный коэф инерции связи          92       10.825748639767870
 парциальный коэф инерции связи          93       10.825640136576000
 парциальный коэф инерции связи          94       10.874934750097880
 парциальный коэф инерции связи          95       10.825726939086000
 парциальный коэф инерции связи          96       10.825640136576000
 парциальный коэф инерции связи          97       10.874934750097880
 парциальный коэф инерции связи          98       10.825640136576000
 парциальный коэф инерции связи          99       10.874934750097880
 парциальный коэф инерции связи         100       10.825726939086000
 парциальный коэф инерции связи         101       10.875000000000000
 парциальный коэф инерции связи         102       10.825726939086000
 парциальный коэф инерции связи         103       10.825640136576000
 парциальный коэф инерции связи         104       10.874934750097880
 парциальный коэф инерции связи         105       10.825726939086000
 парциальный коэф инерции связи         106        1.303906788907535
 парциальный коэф инерции связи         107        1.381428264074117
 парциальный коэф инерции связи         108        1.266043203959161
 парциальный коэф инерции связи         109        1.381428264074117
 парциальный коэф инерции связи         110        1.266043203959161
 парциальный коэф инерции связи         111       10.874913000174000
 парциальный коэф инерции связи         112        5.599469036160000
 парциальный коэф инерции связи         113        5.599525158500625
 парциальный коэф инерции связи         114        5.599469036160000
 парциальный коэф инерции связи         115        5.624955000090000
 парциальный коэф инерции связи         116        5.599525158500625
 парциальный коэф инерции связи         117        5.142922895930624
 парциальный коэф инерции связи         118        5.441083437689999
 парциальный коэф инерции связи         119        4.982863392360000
 парциальный коэф инерции связи         120        5.142922895930624
 парциальный коэф инерции связи         121        4.982863392360000
 парциальный коэф инерции связи         122       10.825640136576000
 парциальный коэф инерции связи         123       10.874913000174000
 парциальный коэф инерции связи         124        5.147000654760000
 парциальный коэф инерции связи         125        5.453006488025626
 парциальный коэф инерции связи         126        4.997539130225625
 парциальный коэф инерции связи         127        5.147000654760000
 парциальный коэф инерции связи         128        4.997539130225625
 парциальный коэф инерции связи         129        1.000000000000000
 парциальный коэф инерции связи         130        1.000000000000000
 парциальный коэф инерции связи         131        1.000000000000000
 парциальный коэф инерции связи         132        1.000000000000000
 парциальный коэф инерции связи         133        1.000000000000000
 парциальный коэф инерции связи         134        1.000000000000000
 парциальный коэф инерции связи         135        1.000000000000000
 парциальный коэф инерции связи         136        1.000000000000000
 парциальный коэф инерции связи         137        1.000000000000000
 парциальный коэф инерции связи         138        1.000000000000000
 парциальный коэф инерции связи         139        1.000000000000000
 парциальный коэф инерции связи         140        1.000000000000000
 парциальный коэф инерции связи         141        1.000000000000000
 парциальный коэф инерции связи         142        1.000000000000000
 парциальный коэф инерции связи         143        1.000000000000000
 парциальный коэф инерции связи         144        1.000000000000000
 парциальный коэф инерции связи         145        1.000000000000000
 парциальный коэф инерции связи         146        1.000000000000000
 парциальный коэф инерции связи         147        3.000000000000000
 парциальный коэф инерции связи         148        3.000000000000000
 парциальный коэф инерции связи         149        3.000000000000000
 парциальный коэф инерции связи         150        3.000000000000000
 парциальный коэф инерции связи         151        3.000000000000000
 парциальный коэф инерции связи         152        3.000000000000000
 парциальный коэф инерции связи         153        1.000000000000000
 парциальный коэф инерции связи         154        1.000000000000000
 парциальный коэф инерции связи         155        1.000000000000000
 парциальный коэф инерции связи         156        1.000000000000000
 парциальный коэф инерции связи         157        1.000000000000000
 парциальный коэф инерции связи         158        1.000000000000000
 парциальный коэф инерции связи         159   2.000000029802322E-001
 парциальный коэф инерции связи         160   2.000000029802322E-001
 парциальный коэф инерции связи         161        5.625000000000000
 парциальный коэф инерции связи         162        5.625000000000000
 парциальный коэф инерции связи         163        5.625000000000000
 парциальный коэф инерции связи         164        5.625000000000000
 парциальный коэф инерции связи         165   2.000000029802322E-001
 парциальный коэф инерции связи         166        4.000000000000000
 парциальный коэф инерции связи         167   2.000000029802322E-001
 парциальный коэф инерции связи         168   2.000000029802322E-001
 парциальный коэф инерции связи         169   2.000000029802322E-001
 парциальный коэф инерции связи         170   2.000000029802322E-001
 XC =   4.999999999588667E-007  -7.078970000000000E-001
 YC =  -1.436100000000000E-013   1.436100000000000E-013
 MADEBFL NURSV =         170           1
Запись результатов через           8 шагов KGR2=       1922
 NZAPUCOM =           1
 calcnse7 nse nsts nadr          76           4        1574
 calcnse7 nse nsts nadr          77           5        1590
 calcnse7 nse nsts nadr          79           5        1646
 calcnse7 nse nsts nadr          73           5        1638
 calcnse7 nse nsts nadr          72           4        1606
 calcnse7 nse nsts nadr          80           6        1658
 calcnse7 nse nsts nadr          74           4        1578
 calcnse7 nse nsts nadr          75           5        1570
 calcnse7 nse nsts nadr          78           5        1642
 calcnse7 nse nsts nadr          70           5        1674
 calcnse7 nse nsts nadr          71           4        1586
 calcnse7 nse nsts nadr          81           6        1566
 calcnse7 nse nsts nadr          63           4        1610
 calcnse7 nse nsts nadr          64           5        1662
 calcnse7 nse nsts nadr          58           4        1650
 calcnse7 nse nsts nadr          59           5        1582
 calcnse7 nse nsts nadr          66           6        1618
 calcnse7 nse nsts nadr          68           5        1634
 calcnse7 nse nsts nadr          67           4        1622
 calcnse7 nse nsts nadr          65           5        1670
 calcnse7 nse nsts nadr          69           6        1666
 POSNULL           1  -7.305800000000000E-002  -7.305800000000000E-002
 POSNULL           2  -2.190210000000000E-001  -2.190210000000000E-001
 POSNULL           3   5.409740000000000E-001   5.409740000000000E-001
 POSNULL           4  -2.352940000000000E-001  -2.352940000000000E-001
 POSNULL           5   7.410400000000000E-002   7.410400000000000E-002
 POSNULL           6  -4.271000000000000E-003  -4.271000000000000E-003
 POSNULL           7   3.837300000000000E-002   3.837300000000000E-002
 POSNULL           8  -2.093090000000000E-001  -2.093090000000000E-001
 POSNULL           9   5.360410000000000E-001   5.360410000000000E-001
 POSNULL          10  -2.392240000000000E-001  -2.392240000000000E-001
 POSNULL          11  -3.955800000000000E-002  -3.955800000000000E-002
 POSNULL          12   6.522000000000000E-003   6.522000000000000E-003
 POSNULL          13  -3.078300000000000E-002  -3.078300000000000E-002
 POSNULL          14   2.321000000000000E-003   2.321000000000000E-003
 POSNULL          15  -4.859000000000000E-002  -4.859000000000000E-002
 POSNULL          16  -1.032900000000000E-002  -1.032900000000000E-002
 POSNULL          17   2.274080000000000E-001   2.274080000000000E-001
 POSNULL          18  -1.257820000000000E-001  -1.257820000000000E-001
 POSNULL          19  -7.840000000000000E-004  -7.840000000000000E-004
 POSNULL          20   3.978800000000000E-002   3.978800000000000E-002
 POSNULL          21   5.862000000000000E-003   5.862000000000000E-003
 JJ1 JJ2   0.000000000000000E+000       53073           1       53073
 JJ1 JJ2   0.000000000000000E+000       53073           1       53073
 JJ1 JJ2   0.000000000000000E+000       53073           1       53073
 JJ1 JJ2   0.000000000000000E+000       53073           1       53073
 JJ1 JJ2   0.000000000000000E+000       53073           1       53073
 JJ1 JJ2        1.000000000000000       53074           1       53073
  MADEBFL NURSV =         170           2
 MADEBFL NURSV =         170           3
 MADEBFL NURSV =         170           4
 MADEBFL NURSV =         170           5
POSSIBLE ERROR# ANDROID SPECIAL TO REZR WRITE
 MADEBFL NURSV =         170           6
 MADEBFL NURSV =         170           7
 MADEBFL NURSV =         170           8
 MADEBFL NURSV =         170           9
 JJ1 JJ2   0.000000000000000E+000       53074           1       53074
 JJ1 JJ2   0.000000000000000E+000       53074           1       53074
 JJ1 JJ2   0.000000000000000E+000       53074           1       53074
 JJ1 JJ2   0.000000000000000E+000       53074           1       53074
 JJ1 JJ2   0.000000000000000E+000       53074           1       53074
 JJ1 JJ2   0.000000000000000E+000       53074           1       53074
 JJ1 JJ2   0.000000000000000E+000       53074           1       53074
 JJ1 JJ2   0.000000000000000E+000       53074           1       53074
 JJ1 JJ2   0.000000000000000E+000       53074           1       53074
 JJ1 JJ2   0.000000000000000E+000       53074           1       53074
 JJ1 JJ2   0.000000000000000E+000       53074           1       53074
 JJ1 JJ2   0.000000000000000E+000       53074           1       53074
 JJ1 JJ2   0.000000000000000E+000       53074           1       53074
 JJ1 JJ2   0.000000000000000E+000       53074           1       53074
 JJ1 JJ2        1.000000000000000       53075           1       53074
 JJ1 JJ2   0.000000000000000E+000       53075           1       53075
 JJ1 JJ2   0.000000000000000E+000       53075           1       53075
 JJ1 JJ2   0.000000000000000E+000       53075           1       53075
 JJ1 JJ2   0.000000000000000E+000       53075           1       53075
 JJ1 JJ2   0.000000000000000E+000       53075           1       53075
 JJ1 JJ2   0.000000000000000E+000       53075           1       53075
 JJ1 JJ2   0.000000000000000E+000       53075           1       53075
 JJ1 JJ2   0.000000000000000E+000       53075           1       53075
 JJ1 JJ2   0.000000000000000E+000       53075           1       53075
 JJ1 JJ2   0.000000000000000E+000       53075           1       53075
 JJ1 JJ2   0.000000000000000E+000       53075           1       53075
 JJ1 JJ2   0.000000000000000E+000       53075           1       53075
 JJ1 JJ2   0.000000000000000E+000       53075           1       53075
 JJ1 JJ2   0.000000000000000E+000       53075           1       53075
 JJ1 JJ2   0.000000000000000E+000       53075           1       53075
 JJ1 JJ2   0.000000000000000E+000       53075           1       53075
 JJ1 JJ2   0.000000000000000E+000       53075           1       53075
 JJ1 JJ2   0.000000000000000E+000       53075           1       53075
 JJ1 JJ2   0.000000000000000E+000       53075           1       53075
 JJ1 JJ2        1.000000000000000       53076           1       53075
 JJ1 JJ2   0.000000000000000E+000       53076           1       53076
 JJ1 JJ2   0.000000000000000E+000       53076           1       53076
 JJ1 JJ2   0.000000000000000E+000       53076           1       53076
 JJ1 JJ2   0.000000000000000E+000       53076           1       53076
 JJ1 JJ2   0.000000000000000E+000       53076           1       53076
 JJ1 JJ2   0.000000000000000E+000       53076           1       53076
 JJ1 JJ2   0.000000000000000E+000       53076           1       53076
 JJ1 JJ2   0.000000000000000E+000       53076           1       53076
 JJ1 JJ2   0.000000000000000E+000       53076           1       53076
 JJ1 JJ2   0.000000000000000E+000       53076           1       53076
 JJ1 JJ2   0.000000000000000E+000       53076           1       53076
 JJ1 JJ2   0.000000000000000E+000       53076           1       53076
 JJ1 JJ2   0.000000000000000E+000       53076           1       53076
 JJ1 JJ2   0.000000000000000E+000       53076           1       53076
 JJ1 JJ2   0.000000000000000E+000       53076           1       53076
 JJ1 JJ2   0.000000000000000E+000       53076           1       53076
 JJ1 JJ2   0.000000000000000E+000       53076           1       53076
 JJ1 JJ2   0.000000000000000E+000       53076           1       53076
 JJ1 JJ2        1.000000000000000       53077           1       53076
 JJ1 JJ2   0.000000000000000E+000       53077           1       53077
 JJ1 JJ2   0.000000000000000E+000       53077           1       53077
 JJ1 JJ2   0.000000000000000E+000       53077           1       53077
 JJ1 JJ2   0.000000000000000E+000       53077           1       53077
 JJ1 JJ2   0.000000000000000E+000       53077           1       53077
 JJ1 JJ2   0.000000000000000E+000       53077           1       53077
 JJ1 JJ2   0.000000000000000E+000       53077           1       53077
 JJ1 JJ2   0.000000000000000E+000       53077           1       53077
 JJ1 JJ2   0.000000000000000E+000       53077           1       53077
 JJ1 JJ2   0.000000000000000E+000       53077           1       53077
 JJ1 JJ2   0.000000000000000E+000       53077           1       53077
 JJ1 JJ2   0.000000000000000E+000       53077           1       53077
 JJ1 JJ2   0.000000000000000E+000       53077           1       53077
 JJ1 JJ2   0.000000000000000E+000       53077           1       53077
 JJ1 JJ2   0.000000000000000E+000       53077           1       53077
 JJ1 JJ2   0.000000000000000E+000       53077           1       53077
 JJ1 JJ2   0.000000000000000E+000       53077           1       53077
 JJ1 JJ2   0.000000000000000E+000       53077           1       53077
 JJ1 JJ2   0.000000000000000E+000       53077           1       53077
 JJ1 JJ2        1.000000000000000       53078           1       53077
 JJ1 JJ2   0.000000000000000E+000       53078           1       53078
 JJ1 JJ2   0.000000000000000E+000       53078           1       53078
 JJ1 JJ2   0.000000000000000E+000       53078           1       53078
 JJ1 JJ2   0.000000000000000E+000       53078           1       53078
 JJ1 JJ2   0.000000000000000E+000       53078           1       53078
 JJ1 JJ2   0.000000000000000E+000       53078           1       53078
 JJ1 JJ2   0.000000000000000E+000       53078           1       53078
 JJ1 JJ2   0.000000000000000E+000       53078           1       53078
 JJ1 JJ2   0.000000000000000E+000       53078           1       53078
 JJ1 JJ2   0.000000000000000E+000       53078           1       53078
 JJ1 JJ2   0.000000000000000E+000       53078           1       53078
 JJ1 JJ2   0.000000000000000E+000       53078           1       53078
 JJ1 JJ2   0.000000000000000E+000       53078           1       53078
 JJ1 JJ2   0.000000000000000E+000       53078           1       53078
 JJ1 JJ2   0.000000000000000E+000       53078           1       53078
 JJ1 JJ2   0.000000000000000E+000       53078           1       53078
 JJ1 JJ2   0.000000000000000E+000       53078           1       53078
 JJ1 JJ2   0.000000000000000E+000       53078           1       53078
 JJ1 JJ2   0.000000000000000E+000       53078           1       53078
 JJ1 JJ2        1.000000000000000       53079           1       53078
 JJ1 JJ2   0.000000000000000E+000       53079           1       53079
 JJ1 JJ2   0.000000000000000E+000       53079           1       53079
 JJ1 JJ2   0.000000000000000E+000       53079           1       53079
 JJ1 JJ2   0.000000000000000E+000       53079           1       53079
 JJ1 JJ2   0.000000000000000E+000       53079           1       53079
 JJ1 JJ2   0.000000000000000E+000       53079           1       53079
 JJ1 JJ2   0.000000000000000E+000       53079           1       53079
 JJ1 JJ2   0.000000000000000E+000       53079           1       53079
 JJ1 JJ2   0.000000000000000E+000       53079           1       53079
 JJ1 JJ2   0.000000000000000E+000       53079           1       53079
 JJ1 JJ2   0.000000000000000E+000       53079           1       53079
 JJ1 JJ2   0.000000000000000E+000       53079           1       53079
 JJ1 JJ2   0.000000000000000E+000       53079           1       53079
 JJ1 JJ2   0.000000000000000E+000       53079           1       53079
 JJ1 JJ2   0.000000000000000E+000       53079           1       53079
 JJ1 JJ2   0.000000000000000E+000       53079           1       53079
 JJ1 JJ2   0.000000000000000E+000       53079           1       53079
 JJ1 JJ2   0.000000000000000E+000       53079           1       53079
 JJ1 JJ2   0.000000000000000E+000       53079           1       53079
 JJ1 JJ2        1.000000000000000       53080           1       53079
 JJ1 JJ2   0.000000000000000E+000       53080           1       53080
 JJ1 JJ2   0.000000000000000E+000       53080           1       53080
 JJ1 JJ2   0.000000000000000E+000       53080           1       53080
 JJ1 JJ2   0.000000000000000E+000       53080           1       53080
 JJ1 JJ2   0.000000000000000E+000       53080           1       53080
 JJ1 JJ2   0.000000000000000E+000       53080           1       53080
 JJ1 JJ2   0.000000000000000E+000       53080           1       53080
 JJ1 JJ2   0.000000000000000E+000       53080           1       53080
 JJ1 JJ2   0.000000000000000E+000       53080           1       53080
 JJ1 JJ2   0.000000000000000E+000       53080           1       53080
 JJ1 JJ2   0.000000000000000E+000       53080           1       53080
 JJ1 JJ2   0.000000000000000E+000       53080           1       53080
 JJ1 JJ2   0.000000000000000E+000       53080           1       53080
 JJ1 JJ2   0.000000000000000E+000       53080           1       53080
 JJ1 JJ2   0.000000000000000E+000       53080           1       53080
 JJ1 JJ2   0.000000000000000E+000       53080           1       53080
 JJ1 JJ2   0.000000000000000E+000       53080           1       53080
 JJ1 JJ2   0.000000000000000E+000       53080           1       53080
 JJ1 JJ2   0.000000000000000E+000       53080           1       53080
 JJ1 JJ2        1.000000000000000       53081           1       53080
 JJ1 JJ2   0.000000000000000E+000       53081           1       53081
 JJ1 JJ2   0.000000000000000E+000       53081           1       53081
 JJ1 JJ2   0.000000000000000E+000       53081           1       53081
 JJ1 JJ2   0.000000000000000E+000       53081           1       53081
 JJ1 JJ2   0.000000000000000E+000       53081           1       53081
 JJ1 JJ2   0.000000000000000E+000       53081           1       53081
 JJ1 JJ2   0.000000000000000E+000       53081           1       53081
 JJ1 JJ2   0.000000000000000E+000       53081           1       53081
 JJ1 JJ2   0.000000000000000E+000       53081           1       53081
 JJ1 JJ2   0.000000000000000E+000       53081           1       53081
 JJ1 JJ2   0.000000000000000E+000       53081           1       53081
 JJ1 JJ2   0.000000000000000E+000       53081           1       53081
 JJ1 JJ2   0.000000000000000E+000       53081           1       53081
 JJ1 JJ2   0.000000000000000E+000       53081           1       53081
 JJ1 JJ2   0.000000000000000E+000       53081           1       53081
 JJ1 JJ2   0.000000000000000E+000       53081           1       53081
 JJ1 JJ2   0.000000000000000E+000       53081           1       53081
 JJ1 JJ2   0.000000000000000E+000       53081           1       53081
 JJ1 JJ2        1.000000000000000       53082           1       53081
 JJ1 JJ2   0.000000000000000E+000       53082           1       53082
 JJ1 JJ2   0.000000000000000E+000       53082           1       53082
 JJ1 JJ2   0.000000000000000E+000       53082           1       53082
 JJ1 JJ2   0.000000000000000E+000       53082           1       53082
 JJ1 JJ2   0.000000000000000E+000       53082           1       53082
 JJ1 JJ2   0.000000000000000E+000       53082           1       53082
 JJ1 JJ2   0.000000000000000E+000       53082           1       53082
 JJ1 JJ2   0.000000000000000E+000       53082           1       53082
 JJ1 JJ2   0.000000000000000E+000       53082           1       53082
 JJ1 JJ2   0.000000000000000E+000       53082           1       53082
 JJ1 JJ2   0.000000000000000E+000       53082           1       53082
 JJ1 JJ2   0.000000000000000E+000       53082           1       53082
 JJ1 JJ2   0.000000000000000E+000       53082           1       53082
 JJ1 JJ2   0.000000000000000E+000       53082           1       53082
 JJ1 JJ2   0.000000000000000E+000       53082           1       53082
 JJ1 JJ2   0.000000000000000E+000       53082           1       53082
 JJ1 JJ2   0.000000000000000E+000       53082           1       53082
 JJ1 JJ2   0.000000000000000E+000       53082           1       53082
 JJ1 JJ2   0.000000000000000E+000       53082           1       53082
 JJ1 JJ2        1.000000000000000       53083           1       53082
 JJ1 JJ2   0.000000000000000E+000       53083           1       53083
 JJ1 JJ2   0.000000000000000E+000       53083           1       53083
 JJ1 JJ2   0.000000000000000E+000       53083           1       53083
 JJ1 JJ2   0.000000000000000E+000       53083           1       53083
 JJ1 JJ2   0.000000000000000E+000       53083           1       53083
 JJ1 JJ2   0.000000000000000E+000       53083           1       53083
 JJ1 JJ2   0.000000000000000E+000       53083           1       53083
 JJ1 JJ2   0.000000000000000E+000       53083           1       53083
 JJ1 JJ2   0.000000000000000E+000       53083           1       53083
 JJ1 JJ2   0.000000000000000E+000       53083           1       53083
 JJ1 JJ2   0.000000000000000E+000       53083           1       53083
 JJ1 JJ2   0.000000000000000E+000       53083           1       53083
 JJ1 JJ2   0.000000000000000E+000       53083           1       53083
 JJ1 JJ2   0.000000000000000E+000       53083           1       53083
 JJ1 JJ2   0.000000000000000E+000       53083           1       53083
 JJ1 JJ2   0.000000000000000E+000       53083           1       53083
 JJ1 JJ2   0.000000000000000E+000       53083           1       53083
 JJ1 JJ2   0.000000000000000E+000       53083           1       53083
 JJ1 JJ2   0.000000000000000E+000       53083           1       53083
 JJ1 JJ2        1.000000000000000       53084           1       53083
 JJ1 JJ2   0.000000000000000E+000       53084           1       53084
 JJ1 JJ2   0.000000000000000E+000       53084           1       53084
 JJ1 JJ2   0.000000000000000E+000       53084           1       53084
 JJ1 JJ2   0.000000000000000E+000       53084           1       53084
 JJ1 JJ2   0.000000000000000E+000       53084           1       53084
 JJ1 JJ2   0.000000000000000E+000       53084           1       53084
 JJ1 JJ2   0.000000000000000E+000       53084           1       53084
 JJ1 JJ2   0.000000000000000E+000       53084           1       53084
 JJ1 JJ2   0.000000000000000E+000       53084           1       53084
 JJ1 JJ2   0.000000000000000E+000       53084           1       53084
 JJ1 JJ2   0.000000000000000E+000       53084           1       53084
 JJ1 JJ2   0.000000000000000E+000       53084           1       53084
 JJ1 JJ2   0.000000000000000E+000       53084           1       53084
 JJ1 JJ2   0.000000000000000E+000       53084           1       53084
 JJ1 JJ2   0.000000000000000E+000       53084           1       53084
 JJ1 JJ2   0.000000000000000E+000       53084           1       53084
 JJ1 JJ2   0.000000000000000E+000       53084           1       53084
 JJ1 JJ2   0.000000000000000E+000       53084           1       53084
 JJ1 JJ2   0.000000000000000E+000       53084           1       53084
 JJ1 JJ2        1.000000000000000       53085           1       53084
 JJ1 JJ2   0.000000000000000E+000       53085           1       53085
 JJ1 JJ2   0.000000000000000E+000       53085           1       53085
 JJ1 JJ2   0.000000000000000E+000       53085           1       53085
 JJ1 JJ2   0.000000000000000E+000       53085           1       53085
 JJ1 JJ2   0.000000000000000E+000       53085           1       53085
 JJ1 JJ2   0.000000000000000E+000       53085           1       53085
 JJ1 JJ2   0.000000000000000E+000       53085           1       53085
 JJ1 JJ2   0.000000000000000E+000       53085           1       53085
 JJ1 JJ2   0.000000000000000E+000       53085           1       53085
 JJ1 JJ2   0.000000000000000E+000       53085           1       53085
 JJ1 JJ2   0.000000000000000E+000       53085           1       53085
 JJ1 JJ2   0.000000000000000E+000       53085           1       53085
 JJ1 JJ2   0.000000000000000E+000       53085           1       53085
 JJ1 JJ2   0.000000000000000E+000       53085           1       53085
 JJ1 JJ2   0.000000000000000E+000       53085           1       53085
 JJ1 JJ2   0.000000000000000E+000       53085           1       53085
 JJ1 JJ2   0.000000000000000E+000       53085           1       53085
 JJ1 JJ2   0.000000000000000E+000       53085           1       53085
 JJ1 JJ2   0.000000000000000E+000       53085           1       53085
 JJ1 JJ2        1.000000000000000       53086           1       53085
 JJ1 JJ2   0.000000000000000E+000       53086           1       53086