  KARTOM11 KRAB =          4           2
    0.000000E+00
    0.000000E+00
    0.000000E+00
    0.000000E+00
    0.000000E+00
    0.000000E+00
    0.000000E+00
    0.000000E+00
    0.000000E+00
    0.000000E+00
    0.000000E+00
  KARTOM11 OUT KRAB =          4
    0.000000E+00
    0.000000E+00
    0.000000E+00
    0.000000E+00
    0.000000E+00
    0.000000E+00
    7.906542E-10
    1.729623E-41
    0.000000E+00
    0.000000E+00
    0.000000E+00
  KVAR,KODR           0           0
 KVAR =           0
 V =   0.000000000000000E+000
 DV =   0.000000000000000E+000
 H =   0.000000000000000E+000
 HZ =   0.000000000000000E+000
 KODR =           0
 S =   7.906542087710022E-010
 SO =   1.729622694516122E-041
 KVARNU =           0
 KODN =           0
 NITOP =           0
 xs(1) kvar    1.401298E-45           0           1           1
 xs(6) KODR    4.203895E-45           3           3
 xs(9) KVARNU    1.401298E-45           1           1
 xs(10) KODN    1.401298E-45           1           1
 xs(11) NITOP    0.000000E+00           0           0
  KARTOM11 KRAB =          5           1
    1.401298E-45
        1.000000
        1.000000
    1.250000E-03
    1.000000E-02
    4.203895E-45
       10.000000
    0.000000E+00
    1.401298E-45
    1.401298E-45
    0.000000E+00
  KARTOM11 OUT KRAB =          5
    1.401298E-45
        1.000000
        1.000000
    1.250000E-03
    1.000000E-02
    4.203895E-45
       10.000000
    0.000000E+00
    1.401298E-45
    1.401298E-45
    0.000000E+00
  KVAR,KODR           1           1
 KVAR =           1
 V =        1.000000000000000
 DV =        1.000000000000000
 H =   1.249999972060323E-003
 HZ =   9.999999776482582E-003
 KODR =           3
 S =       10.000000000000000
 SO =   0.000000000000000E+000
 KVARNU =           1
 KODN =           1
 NITOP =           0
  KARTOM11 KRAB =          4           1
    1.401298E-45
    0.000000E+00
        1.875000
    0.000000E+00
        1.875000
        2.000000
    8.300000E-01
        2.000000
        1.035000
    4.203895E-45
    8.860076E+11
  KARTOM11 OUT KRAB =          4
    1.401298E-45
        1.000000
        1.000000
    1.250000E-03
    1.000000E-02
    4.203895E-45
       10.000000
    0.000000E+00
    1.401298E-45
    1.401298E-45
    0.000000E+00
  KVAR,KODR           1           1
  KARTOM15 OUT KRAB =          4
    0.000000E+00
    0.000000E+00
    0.000000E+00
    0.000000E+00
    0.000000E+00
    0.000000E+00
    0.000000E+00
    0.000000E+00
    0.000000E+00
    0.000000E+00
    0.000000E+00
    0.000000E+00
    0.000000E+00
    0.000000E+00
    0.000000E+00
    0.000000E+00
    0.000000E+00
    0.000000E+00
    0.000000E+00
    0.000000E+00
  KARTOM15 OUT KRAB =          5
    0.000000E+00
    0.000000E+00
    0.000000E+00
    0.000000E+00
    0.000000E+00
    0.000000E+00
    0.000000E+00
    0.000000E+00
    0.000000E+00
    0.000000E+00
    0.000000E+00
    0.000000E+00
    0.000000E+00
    0.0